# JRE version: Java(TM) SE Runtime Environment (8.0_111-b14) (build 1.8.0_111-b14)
# Java VM: Java HotSpot(TM) 64-Bit Server VM (25.111-b14 mixed mode windows-amd64 compressed oops)
Heap:
 PSYoungGen      total 160768K, used 149201K [0x00000000f5580000, 0x0000000100000000, 0x0000000100000000)
  eden space 146944K, 92% used [0x00000000f5580000,0x00000000fd9b6c30,0x00000000fe500000)
  from space 13824K, 99% used [0x00000000fe500000,0x00000000ff27dba0,0x00000000ff280000)
  to   space 13824K, 0% used [0x00000000ff280000,0x00000000ff280000,0x0000000100000000)
 ParOldGen       total 159744K, used 60029K [0x00000000e0000000, 0x00000000e9c00000, 0x00000000f5580000)
  object space 159744K, 37% used [0x00000000e0000000,0x00000000e3a9f400,0x00000000e9c00000)
 Metaspace       used 61490K, capacity 70642K, committed 70780K, reserved 1110016K
  class space    used 7696K, capacity 10272K, committed 10364K, reserved 1048576K
GC Heap History (10 events):
Event: 36.811 GC heap before
{Heap before GC invocations=20 (full 3):
 PSYoungGen      total 158208K, used 146944K [0x00000000f5580000, 0x0000000100000000, 0x0000000100000000)
  eden space 146944K, 100% used [0x00000000f5580000,0x00000000fe500000,0x00000000fe500000)
  from space 11264K, 0% used [0x00000000ff500000,0x00000000ff500000,0x0000000100000000)
  to   space 13824K, 0% used [0x00000000fe500000,0x00000000fe500000,0x00000000ff280000)
 ParOldGen       total 159744K, used 57915K [0x00000000e0000000, 0x00000000e9c00000, 0x00000000f5580000)
  object space 159744K, 36% used [0x00000000e0000000,0x00000000e388ede8,0x00000000e9c00000)
 Metaspace       used 48218K, capacity 53752K, committed 54012K, reserved 1095680K
  class space    used 5839K, capacity 7561K, committed 7676K, reserved 1048576K
Event: 36.840 GC heap after
Heap after GC invocations=20 (full 3):
 PSYoungGen      total 160768K, used 5150K [0x00000000f5580000, 0x0000000100000000, 0x0000000100000000)
  eden space 146944K, 0% used [0x00000000f5580000,0x00000000f5580000,0x00000000fe500000)
  from space 13824K, 37% used [0x00000000fe500000,0x00000000fea07bd8,0x00000000ff280000)
  to   space 13312K, 0% used [0x00000000ff300000,0x00000000ff300000,0x0000000100000000)
 ParOldGen       total 159744K, used 57923K [0x00000000e0000000, 0x00000000e9c00000, 0x00000000f5580000)
  object space 159744K, 36% used [0x00000000e0000000,0x00000000e3890de8,0x00000000e9c00000)
 Metaspace       used 48218K, capacity 53752K, committed 54012K, reserved 1095680K
  class space    used 5839K, capacity 7561K, committed 7676K, reserved 1048576K
}
Event: 41.030 GC heap before
{Heap before GC invocations=21 (full 3):
 PSYoungGen      total 160768K, used 152094K [0x00000000f5580000, 0x0000000100000000, 0x0000000100000000)
  eden space 146944K, 100% used [0x00000000f5580000,0x00000000fe500000,0x00000000fe500000)
  from space 13824K, 37% used [0x00000000fe500000,0x00000000fea07bd8,0x00000000ff280000)
  to   space 13312K, 0% used [0x00000000ff300000,0x00000000ff300000,0x0000000100000000)
 ParOldGen       total 159744K, used 57923K [0x00000000e0000000, 0x00000000e9c00000, 0x00000000f5580000)
  object space 159744K, 36% used [0x00000000e0000000,0x00000000e3890de8,0x00000000e9c00000)
 Metaspace       used 52042K, capacity 58004K, committed 58236K, reserved 1099776K
  class space    used 6218K, capacity 8031K, committed 8060K, reserved 1048576K
Event: 41.050 GC heap after
Heap after GC invocations=21 (full 3):
 PSYoungGen      total 159232K, used 7755K [0x00000000f5580000, 0x00000000ffe80000, 0x0000000100000000)
  eden space 147456K, 0% used [0x00000000f5580000,0x00000000f5580000,0x00000000fe580000)
  from space 11776K, 65% used [0x00000000ff300000,0x00000000ffa92e60,0x00000000ffe80000)
  to   space 12800K, 0% used [0x00000000fe580000,0x00000000fe580000,0x00000000ff200000)
 ParOldGen       total 159744K, used 57931K [0x00000000e0000000, 0x00000000e9c00000, 0x00000000f5580000)
  object space 159744K, 36% used [0x00000000e0000000,0x00000000e3892de8,0x00000000e9c00000)
 Metaspace       used 52042K, capacity 58004K, committed 58236K, reserved 1099776K
  class space    used 6218K, capacity 8031K, committed 8060K, reserved 1048576K
}
Event: 44.160 GC heap before
{Heap before GC invocations=22 (full 3):
 PSYoungGen      total 159232K, used 155211K [0x00000000f5580000, 0x00000000ffe80000, 0x0000000100000000)
  eden space 147456K, 100% used [0x00000000f5580000,0x00000000fe580000,0x00000000fe580000)
  from space 11776K, 65% used [0x00000000ff300000,0x00000000ffa92e60,0x00000000ffe80000)
  to   space 12800K, 0% used [0x00000000fe580000,0x00000000fe580000,0x00000000ff200000)
 ParOldGen       total 159744K, used 57931K [0x00000000e0000000, 0x00000000e9c00000, 0x00000000f5580000)
  object space 159744K, 36% used [0x00000000e0000000,0x00000000e3892de8,0x00000000e9c00000)
 Metaspace       used 54564K, capacity 60838K, committed 60924K, reserved 1101824K
  class space    used 6547K, capacity 8434K, committed 8444K, reserved 1048576K
Event: 44.183 GC heap after
Heap after GC invocations=22 (full 3):
 PSYoungGen      total 160256K, used 8124K [0x00000000f5580000, 0x0000000100000000, 0x0000000100000000)
  eden space 147456K, 0% used [0x00000000f5580000,0x00000000f5580000,0x00000000fe580000)
  from space 12800K, 63% used [0x00000000fe580000,0x00000000fed6f2e0,0x00000000ff200000)
  to   space 12800K, 0% used [0x00000000ff380000,0x00000000ff380000,0x0000000100000000)
 ParOldGen       total 159744K, used 57939K [0x00000000e0000000, 0x00000000e9c00000, 0x00000000f5580000)
  object space 159744K, 36% used [0x00000000e0000000,0x00000000e3894de8,0x00000000e9c00000)
 Metaspace       used 54564K, capacity 60838K, committed 60924K, reserved 1101824K
  class space    used 6547K, capacity 8434K, committed 8444K, reserved 1048576K
}
Event: 47.807 GC heap before
{Heap before GC invocations=23 (full 3):
 PSYoungGen      total 160256K, used 155580K [0x00000000f5580000, 0x0000000100000000, 0x0000000100000000)
  eden space 147456K, 100% used [0x00000000f5580000,0x00000000fe580000,0x00000000fe580000)
  from space 12800K, 63% used [0x00000000fe580000,0x00000000fed6f2e0,0x00000000ff200000)
  to   space 12800K, 0% used [0x00000000ff380000,0x00000000ff380000,0x0000000100000000)
 ParOldGen       total 159744K, used 57939K [0x00000000e0000000, 0x00000000e9c00000, 0x00000000f5580000)
  object space 159744K, 36% used [0x00000000e0000000,0x00000000e3894de8,0x00000000e9c00000)
 Metaspace       used 57739K, capacity 64750K, committed 64892K, reserved 1105920K
  class space    used 6984K, capacity 9072K, committed 9084K, reserved 1048576K
Event: 47.837 GC heap after
Heap after GC invocations=23 (full 3):
 PSYoungGen      total 159744K, used 11648K [0x00000000f5580000, 0x0000000100000000, 0x0000000100000000)
  eden space 146944K, 0% used [0x00000000f5580000,0x00000000f5580000,0x00000000fe500000)
  from space 12800K, 91% used [0x00000000ff380000,0x00000000ffee0318,0x0000000100000000)
  to   space 13824K, 0% used [0x00000000fe500000,0x00000000fe500000,0x00000000ff280000)
 ParOldGen       total 159744K, used 57947K [0x00000000e0000000, 0x00000000e9c00000, 0x00000000f5580000)
  object space 159744K, 36% used [0x00000000e0000000,0x00000000e3896de8,0x00000000e9c00000)
 Metaspace       used 57739K, capacity 64750K, committed 64892K, reserved 1105920K
  class space    used 6984K, capacity 9072K, committed 9084K, reserved 1048576K
}
Event: 51.296 GC heap before
{Heap before GC invocations=24 (full 3):
 PSYoungGen      total 159744K, used 158592K [0x00000000f5580000, 0x0000000100000000, 0x0000000100000000)
  eden space 146944K, 100% used [0x00000000f5580000,0x00000000fe500000,0x00000000fe500000)
  from space 12800K, 91% used [0x00000000ff380000,0x00000000ffee0318,0x0000000100000000)
  to   space 13824K, 0% used [0x00000000fe500000,0x00000000fe500000,0x00000000ff280000)
 ParOldGen       total 159744K, used 57947K [0x00000000e0000000, 0x00000000e9c00000, 0x00000000f5580000)
  object space 159744K, 36% used [0x00000000e0000000,0x00000000e3896de8,0x00000000e9c00000)
 Metaspace       used 61111K, capacity 69928K, committed 70140K, reserved 1110016K
  class space    used 7673K, capacity 10215K, committed 10236K, reserved 1048576K
Event: 51.358 GC heap after
Heap after GC invocations=24 (full 3):
 PSYoungGen      total 160768K, used 13814K [0x00000000f5580000, 0x0000000100000000, 0x0000000100000000)
  eden space 146944K, 0% used [0x00000000f5580000,0x00000000f5580000,0x00000000fe500000)
  from space 13824K, 99% used [0x00000000fe500000,0x00000000ff27dba0,0x00000000ff280000)
  to   space 13824K, 0% used [0x00000000ff280000,0x00000000ff280000,0x0000000100000000)
 ParOldGen       total 159744K, used 60029K [0x00000000e0000000, 0x00000000e9c00000, 0x00000000f5580000)
  object space 159744K, 37% used [0x00000000e0000000,0x00000000e3a9f400,0x00000000e9c00000)
 Metaspace       used 61111K, capacity 69928K, committed 70140K, reserved 1110016K
  class space    used 7673K, capacity 10215K, committed 10236K, reserved 1048576K
}

