# JRE version: Java(TM) SE Runtime Environment (8.0_111-b14) (build 1.8.0_111-b14)
# Java VM: Java HotSpot(TM) 64-Bit Server VM (25.111-b14 mixed mode windows-amd64 compressed oops)
Heap:
 PSYoungGen      total 154112K, used 86829K [0x00000000f5580000, 0x0000000100000000, 0x0000000100000000)
  eden space 137728K, 51% used [0x00000000f5580000,0x00000000f9ad8e70,0x00000000fdc00000)
  from space 16384K, 96% used [0x00000000ff000000,0x00000000fff727a8,0x0000000100000000)
  to   space 18432K, 0% used [0x00000000fdc00000,0x00000000fdc00000,0x00000000fee00000)
 ParOldGen       total 157696K, used 65756K [0x00000000e0000000, 0x00000000e9a00000, 0x00000000f5580000)
  object space 157696K, 41% used [0x00000000e0000000,0x00000000e40372e0,0x00000000e9a00000)
 Metaspace       used 62479K, capacity 71693K, committed 71856K, reserved 1110016K
  class space    used 7786K, capacity 10343K, committed 10416K, reserved 1048576K
GC Heap History (10 events):
Event: 28.096 GC heap before
{Heap before GC invocations=19 (full 3):
 PSYoungGen      total 160768K, used 153902K [0x00000000f5580000, 0x0000000100000000, 0x0000000100000000)
  eden space 148480K, 100% used [0x00000000f5580000,0x00000000fe680000,0x00000000fe680000)
  from space 12288K, 44% used [0x00000000fe680000,0x00000000febcb9a0,0x00000000ff280000)
  to   space 12288K, 0% used [0x00000000ff400000,0x00000000ff400000,0x0000000100000000)
 ParOldGen       total 157696K, used 60220K [0x00000000e0000000, 0x00000000e9a00000, 0x00000000f5580000)
  object space 157696K, 38% used [0x00000000e0000000,0x00000000e3acf228,0x00000000e9a00000)
 Metaspace       used 53342K, capacity 59285K, committed 59440K, reserved 1099776K
  class space    used 6332K, capacity 8138K, committed 8240K, reserved 1048576K
Event: 28.118 GC heap after
Heap after GC invocations=19 (full 3):
 PSYoungGen      total 162304K, used 7988K [0x00000000f5580000, 0x0000000100000000, 0x0000000100000000)
  eden space 150016K, 0% used [0x00000000f5580000,0x00000000f5580000,0x00000000fe800000)
  from space 12288K, 65% used [0x00000000ff400000,0x00000000ffbcd3a0,0x0000000100000000)
  to   space 12288K, 0% used [0x00000000fe800000,0x00000000fe800000,0x00000000ff400000)
 ParOldGen       total 157696K, used 60228K [0x00000000e0000000, 0x00000000e9a00000, 0x00000000f5580000)
  object space 157696K, 38% used [0x00000000e0000000,0x00000000e3ad1228,0x00000000e9a00000)
 Metaspace       used 53342K, capacity 59285K, committed 59440K, reserved 1099776K
  class space    used 6332K, capacity 8138K, committed 8240K, reserved 1048576K
}
Event: 30.499 GC heap before
{Heap before GC invocations=20 (full 3):
 PSYoungGen      total 162304K, used 158004K [0x00000000f5580000, 0x0000000100000000, 0x0000000100000000)
  eden space 150016K, 100% used [0x00000000f5580000,0x00000000fe800000,0x00000000fe800000)
  from space 12288K, 65% used [0x00000000ff400000,0x00000000ffbcd3a0,0x0000000100000000)
  to   space 12288K, 0% used [0x00000000fe800000,0x00000000fe800000,0x00000000ff400000)
 ParOldGen       total 157696K, used 60228K [0x00000000e0000000, 0x00000000e9a00000, 0x00000000f5580000)
  object space 157696K, 38% used [0x00000000e0000000,0x00000000e3ad1228,0x00000000e9a00000)
 Metaspace       used 56314K, capacity 62975K, committed 63024K, reserved 1103872K
  class space    used 6728K, capacity 8733K, committed 8752K, reserved 1048576K
Event: 30.526 GC heap after
Heap after GC invocations=20 (full 3):
 PSYoungGen      total 161792K, used 11344K [0x00000000f5580000, 0x0000000100000000, 0x0000000100000000)
  eden space 150016K, 0% used [0x00000000f5580000,0x00000000f5580000,0x00000000fe800000)
  from space 11776K, 96% used [0x00000000fe800000,0x00000000ff314330,0x00000000ff380000)
  to   space 12800K, 0% used [0x00000000ff380000,0x00000000ff380000,0x0000000100000000)
 ParOldGen       total 157696K, used 60236K [0x00000000e0000000, 0x00000000e9a00000, 0x00000000f5580000)
  object space 157696K, 38% used [0x00000000e0000000,0x00000000e3ad3228,0x00000000e9a00000)
 Metaspace       used 56314K, capacity 62975K, committed 63024K, reserved 1103872K
  class space    used 6728K, capacity 8733K, committed 8752K, reserved 1048576K
}
Event: 33.164 GC heap before
{Heap before GC invocations=21 (full 3):
 PSYoungGen      total 161792K, used 161360K [0x00000000f5580000, 0x0000000100000000, 0x0000000100000000)
  eden space 150016K, 100% used [0x00000000f5580000,0x00000000fe800000,0x00000000fe800000)
  from space 11776K, 96% used [0x00000000fe800000,0x00000000ff314330,0x00000000ff380000)
  to   space 12800K, 0% used [0x00000000ff380000,0x00000000ff380000,0x0000000100000000)
 ParOldGen       total 157696K, used 60236K [0x00000000e0000000, 0x00000000e9a00000, 0x00000000f5580000)
  object space 157696K, 38% used [0x00000000e0000000,0x00000000e3ad3228,0x00000000e9a00000)
 Metaspace       used 60073K, capacity 68671K, committed 68912K, reserved 1107968K
  class space    used 7498K, capacity 9966K, committed 10032K, reserved 1048576K
Event: 33.200 GC heap after
Heap after GC invocations=21 (full 3):
 PSYoungGen      total 156672K, used 12787K [0x00000000f5580000, 0x0000000100000000, 0x0000000100000000)
  eden space 143872K, 0% used [0x00000000f5580000,0x00000000f5580000,0x00000000fe200000)
  from space 12800K, 99% used [0x00000000ff380000,0x00000000ffffcee0,0x0000000100000000)
  to   space 15360K, 0% used [0x00000000fe200000,0x00000000fe200000,0x00000000ff100000)
 ParOldGen       total 157696K, used 62286K [0x00000000e0000000, 0x00000000e9a00000, 0x00000000f5580000)
  object space 157696K, 39% used [0x00000000e0000000,0x00000000e3cd3af0,0x00000000e9a00000)
 Metaspace       used 60073K, capacity 68671K, committed 68912K, reserved 1107968K
  class space    used 7498K, capacity 9966K, committed 10032K, reserved 1048576K
}
Event: 35.472 GC heap before
{Heap before GC invocations=22 (full 3):
 PSYoungGen      total 156672K, used 156659K [0x00000000f5580000, 0x0000000100000000, 0x0000000100000000)
  eden space 143872K, 100% used [0x00000000f5580000,0x00000000fe200000,0x00000000fe200000)
  from space 12800K, 99% used [0x00000000ff380000,0x00000000ffffcee0,0x0000000100000000)
  to   space 15360K, 0% used [0x00000000fe200000,0x00000000fe200000,0x00000000ff100000)
 ParOldGen       total 157696K, used 62286K [0x00000000e0000000, 0x00000000e9a00000, 0x00000000f5580000)
  object space 157696K, 39% used [0x00000000e0000000,0x00000000e3cd3af0,0x00000000e9a00000)
 Metaspace       used 62060K, capacity 70963K, committed 71216K, reserved 1110016K
  class space    used 7763K, capacity 10288K, committed 10288K, reserved 1048576K
Event: 35.512 GC heap after
Heap after GC invocations=22 (full 3):
 PSYoungGen      total 157184K, used 13128K [0x00000000f5580000, 0x0000000100000000, 0x0000000100000000)
  eden space 143872K, 0% used [0x00000000f5580000,0x00000000f5580000,0x00000000fe200000)
  from space 13312K, 98% used [0x00000000fe200000,0x00000000feed2030,0x00000000fef00000)
  to   space 16384K, 0% used [0x00000000ff000000,0x00000000ff000000,0x0000000100000000)
 ParOldGen       total 157696K, used 65748K [0x00000000e0000000, 0x00000000e9a00000, 0x00000000f5580000)
  object space 157696K, 41% used [0x00000000e0000000,0x00000000e40352e0,0x00000000e9a00000)
 Metaspace       used 62060K, capacity 70963K, committed 71216K, reserved 1110016K
  class space    used 7763K, capacity 10288K, committed 10288K, reserved 1048576K
}
Event: 36.847 GC heap before
{Heap before GC invocations=23 (full 3):
 PSYoungGen      total 157184K, used 157000K [0x00000000f5580000, 0x0000000100000000, 0x0000000100000000)
  eden space 143872K, 100% used [0x00000000f5580000,0x00000000fe200000,0x00000000fe200000)
  from space 13312K, 98% used [0x00000000fe200000,0x00000000feed2030,0x00000000fef00000)
  to   space 16384K, 0% used [0x00000000ff000000,0x00000000ff000000,0x0000000100000000)
 ParOldGen       total 157696K, used 65748K [0x00000000e0000000, 0x00000000e9a00000, 0x00000000f5580000)
  object space 157696K, 41% used [0x00000000e0000000,0x00000000e40352e0,0x00000000e9a00000)
 Metaspace       used 62416K, capacity 71627K, committed 71856K, reserved 1110016K
  class space    used 7782K, capacity 10338K, committed 10416K, reserved 1048576K
Event: 36.875 GC heap after
Heap after GC invocations=23 (full 3):
 PSYoungGen      total 154112K, used 15817K [0x00000000f5580000, 0x0000000100000000, 0x0000000100000000)
  eden space 137728K, 0% used [0x00000000f5580000,0x00000000f5580000,0x00000000fdc00000)
  from space 16384K, 96% used [0x00000000ff000000,0x00000000fff727a8,0x0000000100000000)
  to   space 18432K, 0% used [0x00000000fdc00000,0x00000000fdc00000,0x00000000fee00000)
 ParOldGen       total 157696K, used 65756K [0x00000000e0000000, 0x00000000e9a00000, 0x00000000f5580000)
  object space 157696K, 41% used [0x00000000e0000000,0x00000000e40372e0,0x00000000e9a00000)
 Metaspace       used 62416K, capacity 71627K, committed 71856K, reserved 1110016K
  class space    used 7782K, capacity 10338K, committed 10416K, reserved 1048576K
}

