# JRE version: Java(TM) SE Runtime Environment (8.0_111-b14) (build 1.8.0_111-b14)
# Java VM: Java HotSpot(TM) 64-Bit Server VM (25.111-b14 mixed mode windows-amd64 compressed oops)
Heap:
 PSYoungGen      total 158208K, used 90951K [0x00000000f5580000, 0x0000000100000000, 0x0000000100000000)
  eden space 143872K, 53% used [0x00000000f5580000,0x00000000fa061d68,0x00000000fe200000)
  from space 14336K, 99% used [0x00000000fe200000,0x00000000feff0010,0x00000000ff000000)
  to   space 16384K, 0% used [0x00000000ff000000,0x00000000ff000000,0x0000000100000000)
 ParOldGen       total 153600K, used 59611K [0x00000000e0000000, 0x00000000e9600000, 0x00000000f5580000)
  object space 153600K, 38% used [0x00000000e0000000,0x00000000e3a36c10,0x00000000e9600000)
 Metaspace       used 58595K, capacity 66520K, committed 66600K, reserved 1105920K
  class space    used 7181K, capacity 9479K, committed 9520K, reserved 1048576K
GC Heap History (10 events):
Event: 46.335 GC heap before
{Heap before GC invocations=20 (full 3):
 PSYoungGen      total 159744K, used 146944K [0x00000000f5580000, 0x0000000100000000, 0x0000000100000000)
  eden space 146944K, 100% used [0x00000000f5580000,0x00000000fe500000,0x00000000fe500000)
  from space 12800K, 0% used [0x00000000ff380000,0x00000000ff380000,0x0000000100000000)
  to   space 13824K, 0% used [0x00000000fe500000,0x00000000fe500000,0x00000000ff280000)
 ParOldGen       total 153600K, used 58894K [0x00000000e0000000, 0x00000000e9600000, 0x00000000f5580000)
  object space 153600K, 38% used [0x00000000e0000000,0x00000000e3983af8,0x00000000e9600000)
 Metaspace       used 47121K, capacity 52604K, committed 52776K, reserved 1095680K
  class space    used 5778K, capacity 7461K, committed 7472K, reserved 1048576K
Event: 46.356 GC heap after
Heap after GC invocations=20 (full 3):
 PSYoungGen      total 160768K, used 3794K [0x00000000f5580000, 0x0000000100000000, 0x0000000100000000)
  eden space 146944K, 0% used [0x00000000f5580000,0x00000000f5580000,0x00000000fe500000)
  from space 13824K, 27% used [0x00000000fe500000,0x00000000fe8b4b30,0x00000000ff280000)
  to   space 13824K, 0% used [0x00000000ff280000,0x00000000ff280000,0x0000000100000000)
 ParOldGen       total 153600K, used 58894K [0x00000000e0000000, 0x00000000e9600000, 0x00000000f5580000)
  object space 153600K, 38% used [0x00000000e0000000,0x00000000e3983af8,0x00000000e9600000)
 Metaspace       used 47121K, capacity 52604K, committed 52776K, reserved 1095680K
  class space    used 5778K, capacity 7461K, committed 7472K, reserved 1048576K
}
Event: 49.134 GC heap before
{Heap before GC invocations=21 (full 3):
 PSYoungGen      total 160768K, used 150738K [0x00000000f5580000, 0x0000000100000000, 0x0000000100000000)
  eden space 146944K, 100% used [0x00000000f5580000,0x00000000fe500000,0x00000000fe500000)
  from space 13824K, 27% used [0x00000000fe500000,0x00000000fe8b4b30,0x00000000ff280000)
  to   space 13824K, 0% used [0x00000000ff280000,0x00000000ff280000,0x0000000100000000)
 ParOldGen       total 153600K, used 58894K [0x00000000e0000000, 0x00000000e9600000, 0x00000000f5580000)
  object space 153600K, 38% used [0x00000000e0000000,0x00000000e3983af8,0x00000000e9600000)
 Metaspace       used 50017K, capacity 56112K, committed 56488K, reserved 1097728K
  class space    used 6138K, capacity 7987K, committed 8112K, reserved 1048576K
Event: 49.152 GC heap after
Heap after GC invocations=21 (full 3):
 PSYoungGen      total 158720K, used 6384K [0x00000000f5580000, 0x00000000ffe00000, 0x0000000100000000)
  eden space 146944K, 0% used [0x00000000f5580000,0x00000000f5580000,0x00000000fe500000)
  from space 11776K, 54% used [0x00000000ff280000,0x00000000ff8bc180,0x00000000ffe00000)
  to   space 12800K, 0% used [0x00000000fe500000,0x00000000fe500000,0x00000000ff180000)
 ParOldGen       total 153600K, used 58902K [0x00000000e0000000, 0x00000000e9600000, 0x00000000f5580000)
  object space 153600K, 38% used [0x00000000e0000000,0x00000000e3985af8,0x00000000e9600000)
 Metaspace       used 50017K, capacity 56112K, committed 56488K, reserved 1097728K
  class space    used 6138K, capacity 7987K, committed 8112K, reserved 1048576K
}
Event: 53.308 GC heap before
{Heap before GC invocations=22 (full 3):
 PSYoungGen      total 158720K, used 153328K [0x00000000f5580000, 0x00000000ffe00000, 0x0000000100000000)
  eden space 146944K, 100% used [0x00000000f5580000,0x00000000fe500000,0x00000000fe500000)
  from space 11776K, 54% used [0x00000000ff280000,0x00000000ff8bc180,0x00000000ffe00000)
  to   space 12800K, 0% used [0x00000000fe500000,0x00000000fe500000,0x00000000ff180000)
 ParOldGen       total 153600K, used 58902K [0x00000000e0000000, 0x00000000e9600000, 0x00000000f5580000)
  object space 153600K, 38% used [0x00000000e0000000,0x00000000e3985af8,0x00000000e9600000)
 Metaspace       used 54228K, capacity 60550K, committed 60712K, reserved 1101824K
  class space    used 6520K, capacity 8446K, committed 8496K, reserved 1048576K
Event: 53.336 GC heap after
Heap after GC invocations=22 (full 3):
 PSYoungGen      total 159744K, used 9418K [0x00000000f5580000, 0x0000000100000000, 0x0000000100000000)
  eden space 146944K, 0% used [0x00000000f5580000,0x00000000f5580000,0x00000000fe500000)
  from space 12800K, 73% used [0x00000000fe500000,0x00000000fee32870,0x00000000ff180000)
  to   space 13312K, 0% used [0x00000000ff300000,0x00000000ff300000,0x0000000100000000)
 ParOldGen       total 153600K, used 58910K [0x00000000e0000000, 0x00000000e9600000, 0x00000000f5580000)
  object space 153600K, 38% used [0x00000000e0000000,0x00000000e3987af8,0x00000000e9600000)
 Metaspace       used 54228K, capacity 60550K, committed 60712K, reserved 1101824K
  class space    used 6520K, capacity 8446K, committed 8496K, reserved 1048576K
}
Event: 56.530 GC heap before
{Heap before GC invocations=23 (full 3):
 PSYoungGen      total 159744K, used 156362K [0x00000000f5580000, 0x0000000100000000, 0x0000000100000000)
  eden space 146944K, 100% used [0x00000000f5580000,0x00000000fe500000,0x00000000fe500000)
  from space 12800K, 73% used [0x00000000fe500000,0x00000000fee32870,0x00000000ff180000)
  to   space 13312K, 0% used [0x00000000ff300000,0x00000000ff300000,0x0000000100000000)
 ParOldGen       total 153600K, used 58910K [0x00000000e0000000, 0x00000000e9600000, 0x00000000f5580000)
  object space 153600K, 38% used [0x00000000e0000000,0x00000000e3987af8,0x00000000e9600000)
 Metaspace       used 58203K, capacity 65906K, committed 66088K, reserved 1105920K
  class space    used 7160K, capacity 9428K, committed 9520K, reserved 1048576K
Event: 56.600 GC heap after
Heap after GC invocations=23 (full 3):
 PSYoungGen      total 157184K, used 13307K [0x00000000f5580000, 0x0000000100000000, 0x0000000100000000)
  eden space 143872K, 0% used [0x00000000f5580000,0x00000000f5580000,0x00000000fe200000)
  from space 13312K, 99% used [0x00000000ff300000,0x00000000ffffecc0,0x0000000100000000)
  to   space 15360K, 0% used [0x00000000fe200000,0x00000000fe200000,0x00000000ff100000)
 ParOldGen       total 153600K, used 59603K [0x00000000e0000000, 0x00000000e9600000, 0x00000000f5580000)
  object space 153600K, 38% used [0x00000000e0000000,0x00000000e3a34c10,0x00000000e9600000)
 Metaspace       used 58203K, capacity 65906K, committed 66088K, reserved 1105920K
  class space    used 7160K, capacity 9428K, committed 9520K, reserved 1048576K
}
Event: 58.253 GC heap before
{Heap before GC invocations=24 (full 3):
 PSYoungGen      total 157184K, used 157179K [0x00000000f5580000, 0x0000000100000000, 0x0000000100000000)
  eden space 143872K, 100% used [0x00000000f5580000,0x00000000fe200000,0x00000000fe200000)
  from space 13312K, 99% used [0x00000000ff300000,0x00000000ffffecc0,0x0000000100000000)
  to   space 15360K, 0% used [0x00000000fe200000,0x00000000fe200000,0x00000000ff100000)
 ParOldGen       total 153600K, used 59603K [0x00000000e0000000, 0x00000000e9600000, 0x00000000f5580000)
  object space 153600K, 38% used [0x00000000e0000000,0x00000000e3a34c10,0x00000000e9600000)
 Metaspace       used 58400K, capacity 66244K, committed 66344K, reserved 1105920K
  class space    used 7171K, capacity 9445K, committed 9520K, reserved 1048576K
Event: 58.284 GC heap after
Heap after GC invocations=24 (full 3):
 PSYoungGen      total 158208K, used 14272K [0x00000000f5580000, 0x0000000100000000, 0x0000000100000000)
  eden space 143872K, 0% used [0x00000000f5580000,0x00000000f5580000,0x00000000fe200000)
  from space 14336K, 99% used [0x00000000fe200000,0x00000000feff0010,0x00000000ff000000)
  to   space 16384K, 0% used [0x00000000ff000000,0x00000000ff000000,0x0000000100000000)
 ParOldGen       total 153600K, used 59611K [0x00000000e0000000, 0x00000000e9600000, 0x00000000f5580000)
  object space 153600K, 38% used [0x00000000e0000000,0x00000000e3a36c10,0x00000000e9600000)
 Metaspace       used 58400K, capacity 66244K, committed 66344K, reserved 1105920K
  class space    used 7171K, capacity 9445K, committed 9520K, reserved 1048576K
}

