# JRE version: Java(TM) SE Runtime Environment (8.0_111-b14) (build 1.8.0_111-b14)
# Java VM: Java HotSpot(TM) 64-Bit Server VM (25.111-b14 mixed mode windows-amd64 compressed oops)
Heap:
 PSYoungGen      total 156160K, used 133936K [0x00000000f5580000, 0x0000000100000000, 0x0000000100000000)
  eden space 141312K, 84% used [0x00000000f5580000,0x00000000fc9e8298,0x00000000fdf80000)
  from space 14848K, 99% used [0x00000000fdf80000,0x00000000fede4008,0x00000000fee00000)
  to   space 17920K, 0% used [0x00000000fee80000,0x00000000fee80000,0x0000000100000000)
 ParOldGen       total 163840K, used 60548K [0x00000000e0000000, 0x00000000ea000000, 0x00000000f5580000)
  object space 163840K, 36% used [0x00000000e0000000,0x00000000e3b213b0,0x00000000ea000000)
 Metaspace       used 61309K, capacity 70320K, committed 70448K, reserved 1110016K
  class space    used 7687K, capacity 10239K, committed 10288K, reserved 1048576K
GC Heap History (10 events):
Event: 39.531 GC heap before
{Heap before GC invocations=18 (full 3):
 PSYoungGen      total 155648K, used 140800K [0x00000000f5580000, 0x0000000100000000, 0x0000000100000000)
  eden space 140800K, 100% used [0x00000000f5580000,0x00000000fdf00000,0x00000000fdf00000)
  from space 14848K, 0% used [0x00000000ff180000,0x00000000ff180000,0x0000000100000000)
  to   space 16896K, 0% used [0x00000000fdf00000,0x00000000fdf00000,0x00000000fef80000)
 ParOldGen       total 163840K, used 60508K [0x00000000e0000000, 0x00000000ea000000, 0x00000000f5580000)
  object space 163840K, 36% used [0x00000000e0000000,0x00000000e3b173b0,0x00000000ea000000)
 Metaspace       used 49585K, capacity 55440K, committed 55472K, reserved 1097728K
  class space    used 6045K, capacity 7845K, committed 7856K, reserved 1048576K
Event: 39.549 GC heap after
Heap after GC invocations=18 (full 3):
 PSYoungGen      total 157696K, used 4816K [0x00000000f5580000, 0x0000000100000000, 0x0000000100000000)
  eden space 140800K, 0% used [0x00000000f5580000,0x00000000f5580000,0x00000000fdf00000)
  from space 16896K, 28% used [0x00000000fdf00000,0x00000000fe3b4150,0x00000000fef80000)
  to   space 16896K, 0% used [0x00000000fef80000,0x00000000fef80000,0x0000000100000000)
 ParOldGen       total 163840K, used 60516K [0x00000000e0000000, 0x00000000ea000000, 0x00000000f5580000)
  object space 163840K, 36% used [0x00000000e0000000,0x00000000e3b193b0,0x00000000ea000000)
 Metaspace       used 49585K, capacity 55440K, committed 55472K, reserved 1097728K
  class space    used 6045K, capacity 7845K, committed 7856K, reserved 1048576K
}
Event: 42.372 GC heap before
{Heap before GC invocations=19 (full 3):
 PSYoungGen      total 157696K, used 145616K [0x00000000f5580000, 0x0000000100000000, 0x0000000100000000)
  eden space 140800K, 100% used [0x00000000f5580000,0x00000000fdf00000,0x00000000fdf00000)
  from space 16896K, 28% used [0x00000000fdf00000,0x00000000fe3b4150,0x00000000fef80000)
  to   space 16896K, 0% used [0x00000000fef80000,0x00000000fef80000,0x0000000100000000)
 ParOldGen       total 163840K, used 60516K [0x00000000e0000000, 0x00000000ea000000, 0x00000000f5580000)
  object space 163840K, 36% used [0x00000000e0000000,0x00000000e3b193b0,0x00000000ea000000)
 Metaspace       used 53513K, capacity 59478K, committed 59696K, reserved 1101824K
  class space    used 6345K, capacity 8138K, committed 8240K, reserved 1048576K
Event: 42.395 GC heap after
Heap after GC invocations=19 (full 3):
 PSYoungGen      total 156672K, used 6601K [0x00000000f5580000, 0x00000000fff00000, 0x0000000100000000)
  eden space 140800K, 0% used [0x00000000f5580000,0x00000000f5580000,0x00000000fdf00000)
  from space 15872K, 41% used [0x00000000fef80000,0x00000000ff5f2418,0x00000000fff00000)
  to   space 16384K, 0% used [0x00000000fdf00000,0x00000000fdf00000,0x00000000fef00000)
 ParOldGen       total 163840K, used 60524K [0x00000000e0000000, 0x00000000ea000000, 0x00000000f5580000)
  object space 163840K, 36% used [0x00000000e0000000,0x00000000e3b1b3b0,0x00000000ea000000)
 Metaspace       used 53513K, capacity 59478K, committed 59696K, reserved 1101824K
  class space    used 6345K, capacity 8138K, committed 8240K, reserved 1048576K
}
Event: 45.027 GC heap before
{Heap before GC invocations=20 (full 3):
 PSYoungGen      total 156672K, used 147401K [0x00000000f5580000, 0x00000000fff00000, 0x0000000100000000)
  eden space 140800K, 100% used [0x00000000f5580000,0x00000000fdf00000,0x00000000fdf00000)
  from space 15872K, 41% used [0x00000000fef80000,0x00000000ff5f2418,0x00000000fff00000)
  to   space 16384K, 0% used [0x00000000fdf00000,0x00000000fdf00000,0x00000000fef00000)
 ParOldGen       total 163840K, used 60524K [0x00000000e0000000, 0x00000000ea000000, 0x00000000f5580000)
  object space 163840K, 36% used [0x00000000e0000000,0x00000000e3b1b3b0,0x00000000ea000000)
 Metaspace       used 55264K, capacity 61736K, committed 61872K, reserved 1101824K
  class space    used 6666K, capacity 8615K, committed 8624K, reserved 1048576K
Event: 45.049 GC heap after
Heap after GC invocations=20 (full 3):
 PSYoungGen      total 157184K, used 7554K [0x00000000f5580000, 0x00000000ffe80000, 0x0000000100000000)
  eden space 140800K, 0% used [0x00000000f5580000,0x00000000f5580000,0x00000000fdf00000)
  from space 16384K, 46% used [0x00000000fdf00000,0x00000000fe660ba8,0x00000000fef00000)
  to   space 15360K, 0% used [0x00000000fef80000,0x00000000fef80000,0x00000000ffe80000)
 ParOldGen       total 163840K, used 60532K [0x00000000e0000000, 0x00000000ea000000, 0x00000000f5580000)
  object space 163840K, 36% used [0x00000000e0000000,0x00000000e3b1d3b0,0x00000000ea000000)
 Metaspace       used 55264K, capacity 61736K, committed 61872K, reserved 1101824K
  class space    used 6666K, capacity 8615K, committed 8624K, reserved 1048576K
}
Event: 49.006 GC heap before
{Heap before GC invocations=21 (full 3):
 PSYoungGen      total 157184K, used 148354K [0x00000000f5580000, 0x00000000ffe80000, 0x0000000100000000)
  eden space 140800K, 100% used [0x00000000f5580000,0x00000000fdf00000,0x00000000fdf00000)
  from space 16384K, 46% used [0x00000000fdf00000,0x00000000fe660ba8,0x00000000fef00000)
  to   space 15360K, 0% used [0x00000000fef80000,0x00000000fef80000,0x00000000ffe80000)
 ParOldGen       total 163840K, used 60532K [0x00000000e0000000, 0x00000000ea000000, 0x00000000f5580000)
  object space 163840K, 36% used [0x00000000e0000000,0x00000000e3b1d3b0,0x00000000ea000000)
 Metaspace       used 59418K, capacity 67798K, committed 68016K, reserved 1107968K
  class space    used 7439K, capacity 9890K, committed 9904K, reserved 1048576K
Event: 49.041 GC heap after
Heap after GC invocations=21 (full 3):
 PSYoungGen      total 156672K, used 11589K [0x00000000f5580000, 0x0000000100000000, 0x0000000100000000)
  eden space 141312K, 0% used [0x00000000f5580000,0x00000000f5580000,0x00000000fdf80000)
  from space 15360K, 75% used [0x00000000fef80000,0x00000000ffad1428,0x00000000ffe80000)
  to   space 16384K, 0% used [0x00000000fdf80000,0x00000000fdf80000,0x00000000fef80000)
 ParOldGen       total 163840K, used 60540K [0x00000000e0000000, 0x00000000ea000000, 0x00000000f5580000)
  object space 163840K, 36% used [0x00000000e0000000,0x00000000e3b1f3b0,0x00000000ea000000)
 Metaspace       used 59418K, capacity 67798K, committed 68016K, reserved 1107968K
  class space    used 7439K, capacity 9890K, committed 9904K, reserved 1048576K
}
Event: 51.833 GC heap before
{Heap before GC invocations=22 (full 3):
 PSYoungGen      total 156672K, used 152901K [0x00000000f5580000, 0x0000000100000000, 0x0000000100000000)
  eden space 141312K, 100% used [0x00000000f5580000,0x00000000fdf80000,0x00000000fdf80000)
  from space 15360K, 75% used [0x00000000fef80000,0x00000000ffad1428,0x00000000ffe80000)
  to   space 16384K, 0% used [0x00000000fdf80000,0x00000000fdf80000,0x00000000fef80000)
 ParOldGen       total 163840K, used 60540K [0x00000000e0000000, 0x00000000ea000000, 0x00000000f5580000)
  object space 163840K, 36% used [0x00000000e0000000,0x00000000e3b1f3b0,0x00000000ea000000)
 Metaspace       used 61115K, capacity 69916K, committed 70192K, reserved 1110016K
  class space    used 7673K, capacity 10215K, committed 10288K, reserved 1048576K
Event: 51.892 GC heap after
Heap after GC invocations=22 (full 3):
 PSYoungGen      total 156160K, used 14736K [0x00000000f5580000, 0x0000000100000000, 0x0000000100000000)
  eden space 141312K, 0% used [0x00000000f5580000,0x00000000f5580000,0x00000000fdf80000)
  from space 14848K, 99% used [0x00000000fdf80000,0x00000000fede4008,0x00000000fee00000)
  to   space 17920K, 0% used [0x00000000fee80000,0x00000000fee80000,0x0000000100000000)
 ParOldGen       total 163840K, used 60548K [0x00000000e0000000, 0x00000000ea000000, 0x00000000f5580000)
  object space 163840K, 36% used [0x00000000e0000000,0x00000000e3b213b0,0x00000000ea000000)
 Metaspace       used 61115K, capacity 69916K, committed 70192K, reserved 1110016K
  class space    used 7673K, capacity 10215K, committed 10288K, reserved 1048576K
}

