# JRE version: Java(TM) SE Runtime Environment (8.0_111-b14) (build 1.8.0_111-b14)
# Java VM: Java HotSpot(TM) 64-Bit Server VM (25.111-b14 mixed mode windows-amd64 compressed oops)
Heap:
 PSYoungGen      total 141312K, used 89426K [0x00000000f5580000, 0x0000000100000000, 0x0000000100000000)
  eden space 112128K, 59% used [0x00000000f5580000,0x00000000f96b4ab0,0x00000000fc300000)
  from space 29184K, 77% used [0x00000000fe380000,0x00000000ff9a00c0,0x0000000100000000)
  to   space 31232K, 0% used [0x00000000fc300000,0x00000000fc300000,0x00000000fe180000)
 ParOldGen       total 170496K, used 59246K [0x00000000e0000000, 0x00000000ea680000, 0x00000000f5580000)
  object space 170496K, 34% used [0x00000000e0000000,0x00000000e39db8f8,0x00000000ea680000)
 Metaspace       used 61644K, capacity 70887K, committed 71164K, reserved 1110016K
  class space    used 7587K, capacity 10172K, committed 10288K, reserved 1048576K
GC Heap History (10 events):
Event: 75.015 GC heap before
{Heap before GC invocations=23 (full 3):
 PSYoungGen      total 139776K, used 113893K [0x00000000f5580000, 0x00000000fff80000, 0x0000000100000000)
  eden space 107008K, 100% used [0x00000000f5580000,0x00000000fbe00000,0x00000000fbe00000)
  from space 32768K, 21% used [0x00000000fbe00000,0x00000000fc4b9548,0x00000000fde00000)
  to   space 31744K, 0% used [0x00000000fe080000,0x00000000fe080000,0x00000000fff80000)
 ParOldGen       total 170496K, used 59206K [0x00000000e0000000, 0x00000000ea680000, 0x00000000f5580000)
  object space 170496K, 34% used [0x00000000e0000000,0x00000000e39d18f8,0x00000000ea680000)
 Metaspace       used 53647K, capacity 59627K, committed 59900K, reserved 1101824K
  class space    used 6354K, capacity 8145K, committed 8240K, reserved 1048576K
Event: 75.085 GC heap after
Heap after GC invocations=23 (full 3):
 PSYoungGen      total 138240K, used 8561K [0x00000000f5580000, 0x00000000ffc00000, 0x0000000100000000)
  eden space 110080K, 0% used [0x00000000f5580000,0x00000000f5580000,0x00000000fc100000)
  from space 28160K, 30% used [0x00000000fe080000,0x00000000fe8dc4e8,0x00000000ffc00000)
  to   space 30208K, 0% used [0x00000000fc100000,0x00000000fc100000,0x00000000fde80000)
 ParOldGen       total 170496K, used 59214K [0x00000000e0000000, 0x00000000ea680000, 0x00000000f5580000)
  object space 170496K, 34% used [0x00000000e0000000,0x00000000e39d38f8,0x00000000ea680000)
 Metaspace       used 53647K, capacity 59627K, committed 59900K, reserved 1101824K
  class space    used 6354K, capacity 8145K, committed 8240K, reserved 1048576K
}
Event: 81.677 GC heap before
{Heap before GC invocations=24 (full 3):
 PSYoungGen      total 138240K, used 118641K [0x00000000f5580000, 0x00000000ffc00000, 0x0000000100000000)
  eden space 110080K, 100% used [0x00000000f5580000,0x00000000fc100000,0x00000000fc100000)
  from space 28160K, 30% used [0x00000000fe080000,0x00000000fe8dc4e8,0x00000000ffc00000)
  to   space 30208K, 0% used [0x00000000fc100000,0x00000000fc100000,0x00000000fde80000)
 ParOldGen       total 170496K, used 59214K [0x00000000e0000000, 0x00000000ea680000, 0x00000000f5580000)
  object space 170496K, 34% used [0x00000000e0000000,0x00000000e39d38f8,0x00000000ea680000)
 Metaspace       used 56305K, capacity 62989K, committed 63228K, reserved 1103872K
  class space    used 6727K, capacity 8734K, committed 8752K, reserved 1048576K
Event: 81.746 GC heap after
Heap after GC invocations=24 (full 3):
 PSYoungGen      total 140288K, used 10003K [0x00000000f5580000, 0x00000000fff00000, 0x0000000100000000)
  eden space 110080K, 0% used [0x00000000f5580000,0x00000000f5580000,0x00000000fc100000)
  from space 30208K, 33% used [0x00000000fc100000,0x00000000fcac4e60,0x00000000fde80000)
  to   space 28672K, 0% used [0x00000000fe300000,0x00000000fe300000,0x00000000fff00000)
 ParOldGen       total 170496K, used 59222K [0x00000000e0000000, 0x00000000ea680000, 0x00000000f5580000)
  object space 170496K, 34% used [0x00000000e0000000,0x00000000e39d58f8,0x00000000ea680000)
 Metaspace       used 56305K, capacity 62989K, committed 63228K, reserved 1103872K
  class space    used 6727K, capacity 8734K, committed 8752K, reserved 1048576K
}
Event: 86.775 GC heap before
{Heap before GC invocations=25 (full 3):
 PSYoungGen      total 140288K, used 120083K [0x00000000f5580000, 0x00000000fff00000, 0x0000000100000000)
  eden space 110080K, 100% used [0x00000000f5580000,0x00000000fc100000,0x00000000fc100000)
  from space 30208K, 33% used [0x00000000fc100000,0x00000000fcac4e60,0x00000000fde80000)
  to   space 28672K, 0% used [0x00000000fe300000,0x00000000fe300000,0x00000000fff00000)
 ParOldGen       total 170496K, used 59222K [0x00000000e0000000, 0x00000000ea680000, 0x00000000f5580000)
  object space 170496K, 34% used [0x00000000e0000000,0x00000000e39d58f8,0x00000000ea680000)
 Metaspace       used 60593K, capacity 68997K, committed 69116K, reserved 1107968K
  class space    used 7529K, capacity 9997K, committed 10032K, reserved 1048576K
Event: 86.890 GC heap after
Heap after GC invocations=25 (full 3):
 PSYoungGen      total 142848K, used 14604K [0x00000000f5580000, 0x00000000ffd80000, 0x0000000100000000)
  eden space 115712K, 0% used [0x00000000f5580000,0x00000000f5580000,0x00000000fc680000)
  from space 27136K, 53% used [0x00000000fe300000,0x00000000ff143058,0x00000000ffd80000)
  to   space 28160K, 0% used [0x00000000fc680000,0x00000000fc680000,0x00000000fe200000)
 ParOldGen       total 170496K, used 59230K [0x00000000e0000000, 0x00000000ea680000, 0x00000000f5580000)
  object space 170496K, 34% used [0x00000000e0000000,0x00000000e39d78f8,0x00000000ea680000)
 Metaspace       used 60593K, capacity 68997K, committed 69116K, reserved 1107968K
  class space    used 7529K, capacity 9997K, committed 10032K, reserved 1048576K
}
Event: 90.716 GC heap before
{Heap before GC invocations=26 (full 3):
 PSYoungGen      total 142848K, used 130316K [0x00000000f5580000, 0x00000000ffd80000, 0x0000000100000000)
  eden space 115712K, 100% used [0x00000000f5580000,0x00000000fc680000,0x00000000fc680000)
  from space 27136K, 53% used [0x00000000fe300000,0x00000000ff143058,0x00000000ffd80000)
  to   space 28160K, 0% used [0x00000000fc680000,0x00000000fc680000,0x00000000fe200000)
 ParOldGen       total 170496K, used 59230K [0x00000000e0000000, 0x00000000ea680000, 0x00000000f5580000)
  object space 170496K, 34% used [0x00000000e0000000,0x00000000e39d78f8,0x00000000ea680000)
 Metaspace       used 61116K, capacity 69911K, committed 70012K, reserved 1110016K
  class space    used 7560K, capacity 10090K, committed 10160K, reserved 1048576K
Event: 90.752 GC heap after
Heap after GC invocations=26 (full 3):
 PSYoungGen      total 143872K, used 18742K [0x00000000f5580000, 0x0000000100000000, 0x0000000100000000)
  eden space 115712K, 0% used [0x00000000f5580000,0x00000000f5580000,0x00000000fc680000)
  from space 28160K, 66% used [0x00000000fc680000,0x00000000fd8cda80,0x00000000fe200000)
  to   space 29184K, 0% used [0x00000000fe380000,0x00000000fe380000,0x0000000100000000)
 ParOldGen       total 170496K, used 59238K [0x00000000e0000000, 0x00000000ea680000, 0x00000000f5580000)
  object space 170496K, 34% used [0x00000000e0000000,0x00000000e39d98f8,0x00000000ea680000)
 Metaspace       used 61116K, capacity 69911K, committed 70012K, reserved 1110016K
  class space    used 7560K, capacity 10090K, committed 10160K, reserved 1048576K
}
Event: 93.743 GC heap before
{Heap before GC invocations=27 (full 3):
 PSYoungGen      total 143872K, used 134454K [0x00000000f5580000, 0x0000000100000000, 0x0000000100000000)
  eden space 115712K, 100% used [0x00000000f5580000,0x00000000fc680000,0x00000000fc680000)
  from space 28160K, 66% used [0x00000000fc680000,0x00000000fd8cda80,0x00000000fe200000)
  to   space 29184K, 0% used [0x00000000fe380000,0x00000000fe380000,0x0000000100000000)
 ParOldGen       total 170496K, used 59238K [0x00000000e0000000, 0x00000000ea680000, 0x00000000f5580000)
  object space 170496K, 34% used [0x00000000e0000000,0x00000000e39d98f8,0x00000000ea680000)
 Metaspace       used 61430K, capacity 70557K, committed 70780K, reserved 1110016K
  class space    used 7577K, capacity 10135K, committed 10160K, reserved 1048576K
Event: 93.788 GC heap after
Heap after GC invocations=27 (full 3):
 PSYoungGen      total 141312K, used 22656K [0x00000000f5580000, 0x0000000100000000, 0x0000000100000000)
  eden space 112128K, 0% used [0x00000000f5580000,0x00000000f5580000,0x00000000fc300000)
  from space 29184K, 77% used [0x00000000fe380000,0x00000000ff9a00c0,0x0000000100000000)
  to   space 31232K, 0% used [0x00000000fc300000,0x00000000fc300000,0x00000000fe180000)
 ParOldGen       total 170496K, used 59246K [0x00000000e0000000, 0x00000000ea680000, 0x00000000f5580000)
  object space 170496K, 34% used [0x00000000e0000000,0x00000000e39db8f8,0x00000000ea680000)
 Metaspace       used 61430K, capacity 70557K, committed 70780K, reserved 1110016K
  class space    used 7577K, capacity 10135K, committed 10160K, reserved 1048576K
}

