# JRE version: Java(TM) SE Runtime Environment (8.0_111-b14) (build 1.8.0_111-b14)
# Java VM: Java HotSpot(TM) 64-Bit Server VM (25.111-b14 mixed mode windows-amd64 compressed oops)
Heap:
 PSYoungGen      total 148480K, used 75362K [0x00000000f5580000, 0x0000000100000000, 0x0000000100000000)
  eden space 129536K, 43% used [0x00000000f5580000,0x00000000f8c9de20,0x00000000fd400000)
  from space 18944K, 99% used [0x00000000fed80000,0x00000000ffffaa90,0x0000000100000000)
  to   space 22528K, 0% used [0x00000000fd400000,0x00000000fd400000,0x00000000fea00000)
 ParOldGen       total 166400K, used 60383K [0x00000000e0000000, 0x00000000ea280000, 0x00000000f5580000)
  object space 166400K, 36% used [0x00000000e0000000,0x00000000e3af7c58,0x00000000ea280000)
 Metaspace       used 63024K, capacity 72514K, committed 72576K, reserved 1112064K
  class space    used 7926K, capacity 10583K, committed 10624K, reserved 1048576K
GC Heap History (10 events):
Event: 25.531 GC heap before
{Heap before GC invocations=19 (full 3):
 PSYoungGen      total 157696K, used 145443K [0x00000000f5580000, 0x0000000100000000, 0x0000000100000000)
  eden space 140800K, 100% used [0x00000000f5580000,0x00000000fdf00000,0x00000000fdf00000)
  from space 16896K, 27% used [0x00000000fdf00000,0x00000000fe388f80,0x00000000fef80000)
  to   space 16896K, 0% used [0x00000000fef80000,0x00000000fef80000,0x0000000100000000)
 ParOldGen       total 166400K, used 59205K [0x00000000e0000000, 0x00000000ea280000, 0x00000000f5580000)
  object space 166400K, 35% used [0x00000000e0000000,0x00000000e39d14b8,0x00000000ea280000)
 Metaspace       used 52401K, capacity 58320K, committed 58624K, reserved 1099776K
  class space    used 6293K, capacity 8073K, committed 8192K, reserved 1048576K
Event: 25.546 GC heap after
Heap after GC invocations=19 (full 3):
 PSYoungGen      total 155648K, used 8015K [0x00000000f5580000, 0x00000000ffe00000, 0x0000000100000000)
  eden space 140800K, 0% used [0x00000000f5580000,0x00000000f5580000,0x00000000fdf00000)
  from space 14848K, 53% used [0x00000000fef80000,0x00000000ff753ce0,0x00000000ffe00000)
  to   space 15872K, 0% used [0x00000000fdf00000,0x00000000fdf00000,0x00000000fee80000)
 ParOldGen       total 166400K, used 59213K [0x00000000e0000000, 0x00000000ea280000, 0x00000000f5580000)
  object space 166400K, 35% used [0x00000000e0000000,0x00000000e39d34b8,0x00000000ea280000)
 Metaspace       used 52401K, capacity 58320K, committed 58624K, reserved 1099776K
  class space    used 6293K, capacity 8073K, committed 8192K, reserved 1048576K
}
Event: 27.315 GC heap before
{Heap before GC invocations=20 (full 3):
 PSYoungGen      total 155648K, used 148815K [0x00000000f5580000, 0x00000000ffe00000, 0x0000000100000000)
  eden space 140800K, 100% used [0x00000000f5580000,0x00000000fdf00000,0x00000000fdf00000)
  from space 14848K, 53% used [0x00000000fef80000,0x00000000ff753ce0,0x00000000ffe00000)
  to   space 15872K, 0% used [0x00000000fdf00000,0x00000000fdf00000,0x00000000fee80000)
 ParOldGen       total 166400K, used 59213K [0x00000000e0000000, 0x00000000ea280000, 0x00000000f5580000)
  object space 166400K, 35% used [0x00000000e0000000,0x00000000e39d34b8,0x00000000ea280000)
 Metaspace       used 55157K, capacity 61348K, committed 61568K, reserved 1101824K
  class space    used 6576K, capacity 8455K, committed 8576K, reserved 1048576K
Event: 27.348 GC heap after
Heap after GC invocations=20 (full 3):
 PSYoungGen      total 156672K, used 10566K [0x00000000f5580000, 0x0000000100000000, 0x0000000100000000)
  eden space 140800K, 0% used [0x00000000f5580000,0x00000000f5580000,0x00000000fdf00000)
  from space 15872K, 66% used [0x00000000fdf00000,0x00000000fe951af0,0x00000000fee80000)
  to   space 15872K, 0% used [0x00000000ff080000,0x00000000ff080000,0x0000000100000000)
 ParOldGen       total 166400K, used 59221K [0x00000000e0000000, 0x00000000ea280000, 0x00000000f5580000)
  object space 166400K, 35% used [0x00000000e0000000,0x00000000e39d54b8,0x00000000ea280000)
 Metaspace       used 55157K, capacity 61348K, committed 61568K, reserved 1101824K
  class space    used 6576K, capacity 8455K, committed 8576K, reserved 1048576K
}
Event: 29.541 GC heap before
{Heap before GC invocations=21 (full 3):
 PSYoungGen      total 156672K, used 151366K [0x00000000f5580000, 0x0000000100000000, 0x0000000100000000)
  eden space 140800K, 100% used [0x00000000f5580000,0x00000000fdf00000,0x00000000fdf00000)
  from space 15872K, 66% used [0x00000000fdf00000,0x00000000fe951af0,0x00000000fee80000)
  to   space 15872K, 0% used [0x00000000ff080000,0x00000000ff080000,0x0000000100000000)
 ParOldGen       total 166400K, used 59221K [0x00000000e0000000, 0x00000000ea280000, 0x00000000f5580000)
  object space 166400K, 35% used [0x00000000e0000000,0x00000000e39d54b8,0x00000000ea280000)
 Metaspace       used 59924K, capacity 68722K, committed 68992K, reserved 1107968K
  class space    used 7524K, capacity 10043K, committed 10112K, reserved 1048576K
Event: 29.568 GC heap after
Heap after GC invocations=21 (full 3):
 PSYoungGen      total 154624K, used 15572K [0x00000000f5580000, 0x0000000100000000, 0x0000000100000000)
  eden space 138752K, 0% used [0x00000000f5580000,0x00000000f5580000,0x00000000fdd00000)
  from space 15872K, 98% used [0x00000000ff080000,0x00000000fffb5388,0x0000000100000000)
  to   space 17920K, 0% used [0x00000000fdd00000,0x00000000fdd00000,0x00000000fee80000)
 ParOldGen       total 166400K, used 59237K [0x00000000e0000000, 0x00000000ea280000, 0x00000000f5580000)
  object space 166400K, 35% used [0x00000000e0000000,0x00000000e39d94b8,0x00000000ea280000)
 Metaspace       used 59924K, capacity 68722K, committed 68992K, reserved 1107968K
  class space    used 7524K, capacity 10043K, committed 10112K, reserved 1048576K
}
Event: 30.727 GC heap before
{Heap before GC invocations=22 (full 3):
 PSYoungGen      total 154624K, used 154324K [0x00000000f5580000, 0x0000000100000000, 0x0000000100000000)
  eden space 138752K, 100% used [0x00000000f5580000,0x00000000fdd00000,0x00000000fdd00000)
  from space 15872K, 98% used [0x00000000ff080000,0x00000000fffb5388,0x0000000100000000)
  to   space 17920K, 0% used [0x00000000fdd00000,0x00000000fdd00000,0x00000000fee80000)
 ParOldGen       total 166400K, used 59237K [0x00000000e0000000, 0x00000000ea280000, 0x00000000f5580000)
  object space 166400K, 35% used [0x00000000e0000000,0x00000000e39d94b8,0x00000000ea280000)
 Metaspace       used 61113K, capacity 70284K, committed 70528K, reserved 1110016K
  class space    used 7720K, capacity 10322K, committed 10368K, reserved 1048576K
Event: 30.757 GC heap after
Heap after GC invocations=22 (full 3):
 PSYoungGen      total 155648K, used 16438K [0x00000000f5580000, 0x0000000100000000, 0x0000000100000000)
  eden space 138752K, 0% used [0x00000000f5580000,0x00000000f5580000,0x00000000fdd00000)
  from space 16896K, 97% used [0x00000000fdd00000,0x00000000fed0d8d8,0x00000000fed80000)
  to   space 18944K, 0% used [0x00000000fed80000,0x00000000fed80000,0x0000000100000000)
 ParOldGen       total 166400K, used 59245K [0x00000000e0000000, 0x00000000ea280000, 0x00000000f5580000)
  object space 166400K, 35% used [0x00000000e0000000,0x00000000e39db4b8,0x00000000ea280000)
 Metaspace       used 61113K, capacity 70284K, committed 70528K, reserved 1110016K
  class space    used 7720K, capacity 10322K, committed 10368K, reserved 1048576K
}
Event: 32.388 GC heap before
{Heap before GC invocations=23 (full 3):
 PSYoungGen      total 155648K, used 155190K [0x00000000f5580000, 0x0000000100000000, 0x0000000100000000)
  eden space 138752K, 100% used [0x00000000f5580000,0x00000000fdd00000,0x00000000fdd00000)
  from space 16896K, 97% used [0x00000000fdd00000,0x00000000fed0d8d8,0x00000000fed80000)
  to   space 18944K, 0% used [0x00000000fed80000,0x00000000fed80000,0x0000000100000000)
 ParOldGen       total 166400K, used 59245K [0x00000000e0000000, 0x00000000ea280000, 0x00000000f5580000)
  object space 166400K, 35% used [0x00000000e0000000,0x00000000e39db4b8,0x00000000ea280000)
 Metaspace       used 62817K, capacity 72140K, committed 72320K, reserved 1112064K
  class space    used 7915K, capacity 10546K, committed 10624K, reserved 1048576K
Event: 32.422 GC heap after
Heap after GC invocations=23 (full 3):
 PSYoungGen      total 148480K, used 18922K [0x00000000f5580000, 0x0000000100000000, 0x0000000100000000)
  eden space 129536K, 0% used [0x00000000f5580000,0x00000000f5580000,0x00000000fd400000)
  from space 18944K, 99% used [0x00000000fed80000,0x00000000ffffaa90,0x0000000100000000)
  to   space 22528K, 0% used [0x00000000fd400000,0x00000000fd400000,0x00000000fea00000)
 ParOldGen       total 166400K, used 60383K [0x00000000e0000000, 0x00000000ea280000, 0x00000000f5580000)
  object space 166400K, 36% used [0x00000000e0000000,0x00000000e3af7c58,0x00000000ea280000)
 Metaspace       used 62817K, capacity 72140K, committed 72320K, reserved 1112064K
  class space    used 7915K, capacity 10546K, committed 10624K, reserved 1048576K
}

