# JRE version: Java(TM) SE Runtime Environment (8.0_111-b14) (build 1.8.0_111-b14)
# Java VM: Java HotSpot(TM) 64-Bit Server VM (25.111-b14 mixed mode windows-amd64 compressed oops)
Heap:
 PSYoungGen      total 154112K, used 127052K [0x00000000f5580000, 0x0000000100000000, 0x0000000100000000)
  eden space 142848K, 81% used [0x00000000f5580000,0x00000000fc6cb380,0x00000000fe100000)
  from space 11264K, 98% used [0x00000000fe100000,0x00000000febc8020,0x00000000fec00000)
  to   space 16384K, 0% used [0x00000000ff000000,0x00000000ff000000,0x0000000100000000)
 ParOldGen       total 150528K, used 72273K [0x00000000e0000000, 0x00000000e9300000, 0x00000000f5580000)
  object space 150528K, 48% used [0x00000000e0000000,0x00000000e46945a0,0x00000000e9300000)
 Metaspace       used 61456K, capacity 70639K, committed 70912K, reserved 1110016K
  class space    used 7555K, capacity 10114K, committed 10240K, reserved 1048576K
GC Heap History (10 events):
Event: 47.091 GC heap before
{Heap before GC invocations=18 (full 3):
 PSYoungGen      total 162816K, used 152064K [0x00000000f5580000, 0x00000000fff00000, 0x0000000100000000)
  eden space 152064K, 100% used [0x00000000f5580000,0x00000000fea00000,0x00000000fea00000)
  from space 10752K, 0% used [0x00000000ff480000,0x00000000ff480000,0x00000000fff00000)
  to   space 10752K, 0% used [0x00000000fea00000,0x00000000fea00000,0x00000000ff480000)
 ParOldGen       total 150528K, used 59916K [0x00000000e0000000, 0x00000000e9300000, 0x00000000f5580000)
  object space 150528K, 39% used [0x00000000e0000000,0x00000000e3a83130,0x00000000e9300000)
 Metaspace       used 49177K, capacity 54927K, committed 55168K, reserved 1097728K
  class space    used 5980K, capacity 7729K, committed 7808K, reserved 1048576K
Event: 47.109 GC heap after
Heap after GC invocations=18 (full 3):
 PSYoungGen      total 162816K, used 5588K [0x00000000f5580000, 0x0000000100000000, 0x0000000100000000)
  eden space 152064K, 0% used [0x00000000f5580000,0x00000000f5580000,0x00000000fea00000)
  from space 10752K, 51% used [0x00000000fea00000,0x00000000fef75120,0x00000000ff480000)
  to   space 10752K, 0% used [0x00000000ff580000,0x00000000ff580000,0x0000000100000000)
 ParOldGen       total 150528K, used 59924K [0x00000000e0000000, 0x00000000e9300000, 0x00000000f5580000)
  object space 150528K, 39% used [0x00000000e0000000,0x00000000e3a85130,0x00000000e9300000)
 Metaspace       used 49177K, capacity 54927K, committed 55168K, reserved 1097728K
  class space    used 5980K, capacity 7729K, committed 7808K, reserved 1048576K
}
Event: 51.041 GC heap before
{Heap before GC invocations=19 (full 3):
 PSYoungGen      total 162816K, used 157652K [0x00000000f5580000, 0x0000000100000000, 0x0000000100000000)
  eden space 152064K, 100% used [0x00000000f5580000,0x00000000fea00000,0x00000000fea00000)
  from space 10752K, 51% used [0x00000000fea00000,0x00000000fef75120,0x00000000ff480000)
  to   space 10752K, 0% used [0x00000000ff580000,0x00000000ff580000,0x0000000100000000)
 ParOldGen       total 150528K, used 59924K [0x00000000e0000000, 0x00000000e9300000, 0x00000000f5580000)
  object space 150528K, 39% used [0x00000000e0000000,0x00000000e3a85130,0x00000000e9300000)
 Metaspace       used 53413K, capacity 59361K, committed 59648K, reserved 1101824K
  class space    used 6340K, capacity 8140K, committed 8192K, reserved 1048576K
Event: 51.079 GC heap after
Heap after GC invocations=19 (full 3):
 PSYoungGen      total 163840K, used 7972K [0x00000000f5580000, 0x0000000100000000, 0x0000000100000000)
  eden space 153088K, 0% used [0x00000000f5580000,0x00000000f5580000,0x00000000feb00000)
  from space 10752K, 74% used [0x00000000ff580000,0x00000000ffd49390,0x0000000100000000)
  to   space 10752K, 0% used [0x00000000feb00000,0x00000000feb00000,0x00000000ff580000)
 ParOldGen       total 150528K, used 59932K [0x00000000e0000000, 0x00000000e9300000, 0x00000000f5580000)
  object space 150528K, 39% used [0x00000000e0000000,0x00000000e3a87130,0x00000000e9300000)
 Metaspace       used 53413K, capacity 59361K, committed 59648K, reserved 1101824K
  class space    used 6340K, capacity 8140K, committed 8192K, reserved 1048576K
}
Event: 54.596 GC heap before
{Heap before GC invocations=20 (full 3):
 PSYoungGen      total 163840K, used 161060K [0x00000000f5580000, 0x0000000100000000, 0x0000000100000000)
  eden space 153088K, 100% used [0x00000000f5580000,0x00000000feb00000,0x00000000feb00000)
  from space 10752K, 74% used [0x00000000ff580000,0x00000000ffd49390,0x0000000100000000)
  to   space 10752K, 0% used [0x00000000feb00000,0x00000000feb00000,0x00000000ff580000)
 ParOldGen       total 150528K, used 59932K [0x00000000e0000000, 0x00000000e9300000, 0x00000000f5580000)
  object space 150528K, 39% used [0x00000000e0000000,0x00000000e3a87130,0x00000000e9300000)
 Metaspace       used 56607K, capacity 63263K, committed 63360K, reserved 1103872K
  class space    used 6756K, capacity 8767K, committed 8832K, reserved 1048576K
Event: 54.646 GC heap after
Heap after GC invocations=20 (full 3):
 PSYoungGen      total 163840K, used 10741K [0x00000000f5580000, 0x0000000100000000, 0x0000000100000000)
  eden space 153088K, 0% used [0x00000000f5580000,0x00000000f5580000,0x00000000feb00000)
  from space 10752K, 99% used [0x00000000feb00000,0x00000000ff57d558,0x00000000ff580000)
  to   space 10752K, 0% used [0x00000000ff580000,0x00000000ff580000,0x0000000100000000)
 ParOldGen       total 150528K, used 60806K [0x00000000e0000000, 0x00000000e9300000, 0x00000000f5580000)
  object space 150528K, 40% used [0x00000000e0000000,0x00000000e3b618c0,0x00000000e9300000)
 Metaspace       used 56607K, capacity 63263K, committed 63360K, reserved 1103872K
  class space    used 6756K, capacity 8767K, committed 8832K, reserved 1048576K
}
Event: 58.837 GC heap before
{Heap before GC invocations=21 (full 3):
 PSYoungGen      total 163840K, used 163829K [0x00000000f5580000, 0x0000000100000000, 0x0000000100000000)
  eden space 153088K, 100% used [0x00000000f5580000,0x00000000feb00000,0x00000000feb00000)
  from space 10752K, 99% used [0x00000000feb00000,0x00000000ff57d558,0x00000000ff580000)
  to   space 10752K, 0% used [0x00000000ff580000,0x00000000ff580000,0x0000000100000000)
 ParOldGen       total 150528K, used 60806K [0x00000000e0000000, 0x00000000e9300000, 0x00000000f5580000)
  object space 150528K, 40% used [0x00000000e0000000,0x00000000e3b618c0,0x00000000e9300000)
 Metaspace       used 60733K, capacity 69333K, committed 69504K, reserved 1107968K
  class space    used 7515K, capacity 10011K, committed 10112K, reserved 1048576K
Event: 58.884 GC heap after
Heap after GC invocations=21 (full 3):
 PSYoungGen      total 153600K, used 10739K [0x00000000f5580000, 0x0000000100000000, 0x0000000100000000)
  eden space 142848K, 0% used [0x00000000f5580000,0x00000000f5580000,0x00000000fe100000)
  from space 10752K, 99% used [0x00000000ff580000,0x00000000ffffcf90,0x0000000100000000)
  to   space 15872K, 0% used [0x00000000fe100000,0x00000000fe100000,0x00000000ff080000)
 ParOldGen       total 150528K, used 67178K [0x00000000e0000000, 0x00000000e9300000, 0x00000000f5580000)
  object space 150528K, 44% used [0x00000000e0000000,0x00000000e419a900,0x00000000e9300000)
 Metaspace       used 60733K, capacity 69333K, committed 69504K, reserved 1107968K
  class space    used 7515K, capacity 10011K, committed 10112K, reserved 1048576K
}
Event: 60.860 GC heap before
{Heap before GC invocations=22 (full 3):
 PSYoungGen      total 153600K, used 153587K [0x00000000f5580000, 0x0000000100000000, 0x0000000100000000)
  eden space 142848K, 100% used [0x00000000f5580000,0x00000000fe100000,0x00000000fe100000)
  from space 10752K, 99% used [0x00000000ff580000,0x00000000ffffcf90,0x0000000100000000)
  to   space 15872K, 0% used [0x00000000fe100000,0x00000000fe100000,0x00000000ff080000)
 ParOldGen       total 150528K, used 67178K [0x00000000e0000000, 0x00000000e9300000, 0x00000000f5580000)
  object space 150528K, 44% used [0x00000000e0000000,0x00000000e419a900,0x00000000e9300000)
 Metaspace       used 61109K, capacity 70031K, committed 70272K, reserved 1110016K
  class space    used 7537K, capacity 10066K, committed 10112K, reserved 1048576K
Event: 60.894 GC heap after
Heap after GC invocations=22 (full 3):
 PSYoungGen      total 154112K, used 11040K [0x00000000f5580000, 0x0000000100000000, 0x0000000100000000)
  eden space 142848K, 0% used [0x00000000f5580000,0x00000000f5580000,0x00000000fe100000)
  from space 11264K, 98% used [0x00000000fe100000,0x00000000febc8020,0x00000000fec00000)
  to   space 16384K, 0% used [0x00000000ff000000,0x00000000ff000000,0x0000000100000000)
 ParOldGen       total 150528K, used 72273K [0x00000000e0000000, 0x00000000e9300000, 0x00000000f5580000)
  object space 150528K, 48% used [0x00000000e0000000,0x00000000e46945a0,0x00000000e9300000)
 Metaspace       used 61109K, capacity 70031K, committed 70272K, reserved 1110016K
  class space    used 7537K, capacity 10066K, committed 10112K, reserved 1048576K
}

