# JRE version: Java(TM) SE Runtime Environment (8.0_111-b14) (build 1.8.0_111-b14)
# Java VM: Java HotSpot(TM) 64-Bit Server VM (25.111-b14 mixed mode windows-amd64 compressed oops)
Heap:
 PSYoungGen      total 147456K, used 83210K [0x00000000f5580000, 0x0000000100000000, 0x0000000100000000)
  eden space 128512K, 50% used [0x00000000f5580000,0x00000000f9443698,0x00000000fd300000)
  from space 18944K, 99% used [0x00000000fed80000,0x00000000fffff418,0x0000000100000000)
  to   space 23040K, 0% used [0x00000000fd300000,0x00000000fd300000,0x00000000fe980000)
 ParOldGen       total 160768K, used 61838K [0x00000000e0000000, 0x00000000e9d00000, 0x00000000f5580000)
  object space 160768K, 38% used [0x00000000e0000000,0x00000000e3c63808,0x00000000e9d00000)
 Metaspace       used 63110K, capacity 72858K, committed 73088K, reserved 1112064K
  class space    used 7905K, capacity 10611K, committed 10624K, reserved 1048576K
GC Heap History (10 events):
Event: 22.890 GC heap before
{Heap before GC invocations=19 (full 3):
 PSYoungGen      total 157696K, used 145519K [0x00000000f5580000, 0x0000000100000000, 0x0000000100000000)
  eden space 140800K, 100% used [0x00000000f5580000,0x00000000fdf00000,0x00000000fdf00000)
  from space 16896K, 27% used [0x00000000fdf00000,0x00000000fe39bd38,0x00000000fef80000)
  to   space 16896K, 0% used [0x00000000fef80000,0x00000000fef80000,0x0000000100000000)
 ParOldGen       total 160768K, used 59782K [0x00000000e0000000, 0x00000000e9d00000, 0x00000000f5580000)
  object space 160768K, 37% used [0x00000000e0000000,0x00000000e3a618b8,0x00000000e9d00000)
 Metaspace       used 52470K, capacity 58380K, committed 58624K, reserved 1099776K
  class space    used 6278K, capacity 8073K, committed 8192K, reserved 1048576K
Event: 22.902 GC heap after
Heap after GC invocations=19 (full 3):
 PSYoungGen      total 155648K, used 7939K [0x00000000f5580000, 0x00000000ffe00000, 0x0000000100000000)
  eden space 140800K, 0% used [0x00000000f5580000,0x00000000f5580000,0x00000000fdf00000)
  from space 14848K, 53% used [0x00000000fef80000,0x00000000ff740e70,0x00000000ffe00000)
  to   space 15872K, 0% used [0x00000000fdf00000,0x00000000fdf00000,0x00000000fee80000)
 ParOldGen       total 160768K, used 59790K [0x00000000e0000000, 0x00000000e9d00000, 0x00000000f5580000)
  object space 160768K, 37% used [0x00000000e0000000,0x00000000e3a638b8,0x00000000e9d00000)
 Metaspace       used 52470K, capacity 58380K, committed 58624K, reserved 1099776K
  class space    used 6278K, capacity 8073K, committed 8192K, reserved 1048576K
}
Event: 24.644 GC heap before
{Heap before GC invocations=20 (full 3):
 PSYoungGen      total 155648K, used 148739K [0x00000000f5580000, 0x00000000ffe00000, 0x0000000100000000)
  eden space 140800K, 100% used [0x00000000f5580000,0x00000000fdf00000,0x00000000fdf00000)
  from space 14848K, 53% used [0x00000000fef80000,0x00000000ff740e70,0x00000000ffe00000)
  to   space 15872K, 0% used [0x00000000fdf00000,0x00000000fdf00000,0x00000000fee80000)
 ParOldGen       total 160768K, used 59790K [0x00000000e0000000, 0x00000000e9d00000, 0x00000000f5580000)
  object space 160768K, 37% used [0x00000000e0000000,0x00000000e3a638b8,0x00000000e9d00000)
 Metaspace       used 55057K, capacity 61280K, committed 61440K, reserved 1101824K
  class space    used 6541K, capacity 8391K, committed 8448K, reserved 1048576K
Event: 24.666 GC heap after
Heap after GC invocations=20 (full 3):
 PSYoungGen      total 156672K, used 10387K [0x00000000f5580000, 0x0000000100000000, 0x0000000100000000)
  eden space 140800K, 0% used [0x00000000f5580000,0x00000000f5580000,0x00000000fdf00000)
  from space 15872K, 65% used [0x00000000fdf00000,0x00000000fe924c08,0x00000000fee80000)
  to   space 15872K, 0% used [0x00000000ff080000,0x00000000ff080000,0x0000000100000000)
 ParOldGen       total 160768K, used 59798K [0x00000000e0000000, 0x00000000e9d00000, 0x00000000f5580000)
  object space 160768K, 37% used [0x00000000e0000000,0x00000000e3a658b8,0x00000000e9d00000)
 Metaspace       used 55057K, capacity 61280K, committed 61440K, reserved 1101824K
  class space    used 6541K, capacity 8391K, committed 8448K, reserved 1048576K
}
Event: 27.802 GC heap before
{Heap before GC invocations=21 (full 3):
 PSYoungGen      total 156672K, used 151187K [0x00000000f5580000, 0x0000000100000000, 0x0000000100000000)
  eden space 140800K, 100% used [0x00000000f5580000,0x00000000fdf00000,0x00000000fdf00000)
  from space 15872K, 65% used [0x00000000fdf00000,0x00000000fe924c08,0x00000000fee80000)
  to   space 15872K, 0% used [0x00000000ff080000,0x00000000ff080000,0x0000000100000000)
 ParOldGen       total 160768K, used 59798K [0x00000000e0000000, 0x00000000e9d00000, 0x00000000f5580000)
  object space 160768K, 37% used [0x00000000e0000000,0x00000000e3a658b8,0x00000000e9d00000)
 Metaspace       used 59788K, capacity 68530K, committed 68736K, reserved 1107968K
  class space    used 7488K, capacity 10011K, committed 10112K, reserved 1048576K
Event: 27.851 GC heap after
Heap after GC invocations=21 (full 3):
 PSYoungGen      total 154624K, used 15544K [0x00000000f5580000, 0x0000000100000000, 0x0000000100000000)
  eden space 138752K, 0% used [0x00000000f5580000,0x00000000f5580000,0x00000000fdd00000)
  from space 15872K, 97% used [0x00000000ff080000,0x00000000fffae2c8,0x0000000100000000)
  to   space 17920K, 0% used [0x00000000fdd00000,0x00000000fdd00000,0x00000000fee80000)
 ParOldGen       total 160768K, used 59806K [0x00000000e0000000, 0x00000000e9d00000, 0x00000000f5580000)
  object space 160768K, 37% used [0x00000000e0000000,0x00000000e3a678b8,0x00000000e9d00000)
 Metaspace       used 59788K, capacity 68530K, committed 68736K, reserved 1107968K
  class space    used 7488K, capacity 10011K, committed 10112K, reserved 1048576K
}
Event: 29.235 GC heap before
{Heap before GC invocations=22 (full 3):
 PSYoungGen      total 154624K, used 154296K [0x00000000f5580000, 0x0000000100000000, 0x0000000100000000)
  eden space 138752K, 100% used [0x00000000f5580000,0x00000000fdd00000,0x00000000fdd00000)
  from space 15872K, 97% used [0x00000000ff080000,0x00000000fffae2c8,0x0000000100000000)
  to   space 17920K, 0% used [0x00000000fdd00000,0x00000000fdd00000,0x00000000fee80000)
 ParOldGen       total 160768K, used 59806K [0x00000000e0000000, 0x00000000e9d00000, 0x00000000f5580000)
  object space 160768K, 37% used [0x00000000e0000000,0x00000000e3a678b8,0x00000000e9d00000)
 Metaspace       used 61007K, capacity 70186K, committed 70272K, reserved 1110016K
  class space    used 7697K, capacity 10289K, committed 10368K, reserved 1048576K
Event: 29.263 GC heap after
Heap after GC invocations=22 (full 3):
 PSYoungGen      total 155648K, used 16395K [0x00000000f5580000, 0x0000000100000000, 0x0000000100000000)
  eden space 138752K, 0% used [0x00000000f5580000,0x00000000f5580000,0x00000000fdd00000)
  from space 16896K, 97% used [0x00000000fdd00000,0x00000000fed02d28,0x00000000fed80000)
  to   space 18944K, 0% used [0x00000000fed80000,0x00000000fed80000,0x0000000100000000)
 ParOldGen       total 160768K, used 59814K [0x00000000e0000000, 0x00000000e9d00000, 0x00000000f5580000)
  object space 160768K, 37% used [0x00000000e0000000,0x00000000e3a698b8,0x00000000e9d00000)
 Metaspace       used 61007K, capacity 70186K, committed 70272K, reserved 1110016K
  class space    used 7697K, capacity 10289K, committed 10368K, reserved 1048576K
}
Event: 31.402 GC heap before
{Heap before GC invocations=23 (full 3):
 PSYoungGen      total 155648K, used 155147K [0x00000000f5580000, 0x0000000100000000, 0x0000000100000000)
  eden space 138752K, 100% used [0x00000000f5580000,0x00000000fdd00000,0x00000000fdd00000)
  from space 16896K, 97% used [0x00000000fdd00000,0x00000000fed02d28,0x00000000fed80000)
  to   space 18944K, 0% used [0x00000000fed80000,0x00000000fed80000,0x0000000100000000)
 ParOldGen       total 160768K, used 59814K [0x00000000e0000000, 0x00000000e9d00000, 0x00000000f5580000)
  object space 160768K, 37% used [0x00000000e0000000,0x00000000e3a698b8,0x00000000e9d00000)
 Metaspace       used 62923K, capacity 72440K, committed 72576K, reserved 1112064K
  class space    used 7889K, capacity 10583K, committed 10624K, reserved 1048576K
Event: 31.464 GC heap after
Heap after GC invocations=23 (full 3):
 PSYoungGen      total 147456K, used 18941K [0x00000000f5580000, 0x0000000100000000, 0x0000000100000000)
  eden space 128512K, 0% used [0x00000000f5580000,0x00000000f5580000,0x00000000fd300000)
  from space 18944K, 99% used [0x00000000fed80000,0x00000000fffff418,0x0000000100000000)
  to   space 23040K, 0% used [0x00000000fd300000,0x00000000fd300000,0x00000000fe980000)
 ParOldGen       total 160768K, used 61838K [0x00000000e0000000, 0x00000000e9d00000, 0x00000000f5580000)
  object space 160768K, 38% used [0x00000000e0000000,0x00000000e3c63808,0x00000000e9d00000)
 Metaspace       used 62923K, capacity 72440K, committed 72576K, reserved 1112064K
  class space    used 7889K, capacity 10583K, committed 10624K, reserved 1048576K
}

