# JRE version: Java(TM) SE Runtime Environment (8.0_111-b14) (build 1.8.0_111-b14)
# Java VM: Java HotSpot(TM) 64-Bit Server VM (25.111-b14 mixed mode windows-amd64 compressed oops)
Heap:
 PSYoungGen      total 148992K, used 82142K [0x00000000f5580000, 0x0000000100000000, 0x0000000100000000)
  eden space 132608K, 50% used [0x00000000f5580000,0x00000000f9674b58,0x00000000fd700000)
  from space 16384K, 95% used [0x00000000ff000000,0x00000000fff42f68,0x0000000100000000)
  to   space 20992K, 0% used [0x00000000fd700000,0x00000000fd700000,0x00000000feb80000)
 ParOldGen       total 146944K, used 69511K [0x00000000e0000000, 0x00000000e8f80000, 0x00000000f5580000)
  object space 146944K, 47% used [0x00000000e0000000,0x00000000e43e1ce8,0x00000000e8f80000)
 Metaspace       used 61717K, capacity 71028K, committed 71168K, reserved 1110016K
  class space    used 7601K, capacity 10202K, committed 10240K, reserved 1048576K
GC Heap History (10 events):
Event: 23.001 GC heap before
{Heap before GC invocations=21 (full 3):
 PSYoungGen      total 162304K, used 156034K [0x00000000f5580000, 0x00000000fff80000, 0x0000000100000000)
  eden space 150016K, 100% used [0x00000000f5580000,0x00000000fe800000,0x00000000fe800000)
  from space 12288K, 48% used [0x00000000fe800000,0x00000000fede0b60,0x00000000ff400000)
  to   space 11776K, 0% used [0x00000000ff400000,0x00000000ff400000,0x00000000fff80000)
 ParOldGen       total 146944K, used 57950K [0x00000000e0000000, 0x00000000e8f80000, 0x00000000f5580000)
  object space 146944K, 39% used [0x00000000e0000000,0x00000000e3897bd0,0x00000000e8f80000)
 Metaspace       used 52111K, capacity 58028K, committed 58240K, reserved 1099776K
  class space    used 6236K, capacity 8041K, committed 8064K, reserved 1048576K
Event: 23.012 GC heap after
Heap after GC invocations=21 (full 3):
 PSYoungGen      total 161792K, used 8790K [0x00000000f5580000, 0x0000000100000000, 0x0000000100000000)
  eden space 150016K, 0% used [0x00000000f5580000,0x00000000f5580000,0x00000000fe800000)
  from space 11776K, 74% used [0x00000000ff400000,0x00000000ffc95bb8,0x00000000fff80000)
  to   space 12288K, 0% used [0x00000000fe800000,0x00000000fe800000,0x00000000ff400000)
 ParOldGen       total 146944K, used 57958K [0x00000000e0000000, 0x00000000e8f80000, 0x00000000f5580000)
  object space 146944K, 39% used [0x00000000e0000000,0x00000000e3899bd0,0x00000000e8f80000)
 Metaspace       used 52111K, capacity 58028K, committed 58240K, reserved 1099776K
  class space    used 6236K, capacity 8041K, committed 8064K, reserved 1048576K
}
Event: 24.356 GC heap before
{Heap before GC invocations=22 (full 3):
 PSYoungGen      total 161792K, used 158806K [0x00000000f5580000, 0x0000000100000000, 0x0000000100000000)
  eden space 150016K, 100% used [0x00000000f5580000,0x00000000fe800000,0x00000000fe800000)
  from space 11776K, 74% used [0x00000000ff400000,0x00000000ffc95bb8,0x00000000fff80000)
  to   space 12288K, 0% used [0x00000000fe800000,0x00000000fe800000,0x00000000ff400000)
 ParOldGen       total 146944K, used 57958K [0x00000000e0000000, 0x00000000e8f80000, 0x00000000f5580000)
  object space 146944K, 39% used [0x00000000e0000000,0x00000000e3899bd0,0x00000000e8f80000)
 Metaspace       used 55007K, capacity 61280K, committed 61440K, reserved 1101824K
  class space    used 6526K, capacity 8391K, committed 8448K, reserved 1048576K
Event: 24.374 GC heap after
Heap after GC invocations=22 (full 3):
 PSYoungGen      total 161792K, used 11689K [0x00000000f5580000, 0x0000000100000000, 0x0000000100000000)
  eden space 150016K, 0% used [0x00000000f5580000,0x00000000f5580000,0x00000000fe800000)
  from space 11776K, 99% used [0x00000000fe800000,0x00000000ff36a5d0,0x00000000ff380000)
  to   space 12800K, 0% used [0x00000000ff380000,0x00000000ff380000,0x0000000100000000)
 ParOldGen       total 146944K, used 57966K [0x00000000e0000000, 0x00000000e8f80000, 0x00000000f5580000)
  object space 146944K, 39% used [0x00000000e0000000,0x00000000e389bbd0,0x00000000e8f80000)
 Metaspace       used 55007K, capacity 61280K, committed 61440K, reserved 1101824K
  class space    used 6526K, capacity 8391K, committed 8448K, reserved 1048576K
}
Event: 26.557 GC heap before
{Heap before GC invocations=23 (full 3):
 PSYoungGen      total 161792K, used 161705K [0x00000000f5580000, 0x0000000100000000, 0x0000000100000000)
  eden space 150016K, 100% used [0x00000000f5580000,0x00000000fe800000,0x00000000fe800000)
  from space 11776K, 99% used [0x00000000fe800000,0x00000000ff36a5d0,0x00000000ff380000)
  to   space 12800K, 0% used [0x00000000ff380000,0x00000000ff380000,0x0000000100000000)
 ParOldGen       total 146944K, used 57966K [0x00000000e0000000, 0x00000000e8f80000, 0x00000000f5580000)
  object space 146944K, 39% used [0x00000000e0000000,0x00000000e389bbd0,0x00000000e8f80000)
 Metaspace       used 60219K, capacity 68538K, committed 68608K, reserved 1107968K
  class space    used 7487K, capacity 9934K, committed 9984K, reserved 1048576K
Event: 26.583 GC heap after
Heap after GC invocations=23 (full 3):
 PSYoungGen      total 154624K, used 12778K [0x00000000f5580000, 0x0000000100000000, 0x0000000100000000)
  eden space 141824K, 0% used [0x00000000f5580000,0x00000000f5580000,0x00000000fe000000)
  from space 12800K, 99% used [0x00000000ff380000,0x00000000ffffaa80,0x0000000100000000)
  to   space 16384K, 0% used [0x00000000fe000000,0x00000000fe000000,0x00000000ff000000)
 ParOldGen       total 146944K, used 61341K [0x00000000e0000000, 0x00000000e8f80000, 0x00000000f5580000)
  object space 146944K, 41% used [0x00000000e0000000,0x00000000e3be7658,0x00000000e8f80000)
 Metaspace       used 60219K, capacity 68538K, committed 68608K, reserved 1107968K
  class space    used 7487K, capacity 9934K, committed 9984K, reserved 1048576K
}
Event: 27.946 GC heap before
{Heap before GC invocations=24 (full 3):
 PSYoungGen      total 154624K, used 154602K [0x00000000f5580000, 0x0000000100000000, 0x0000000100000000)
  eden space 141824K, 100% used [0x00000000f5580000,0x00000000fe000000,0x00000000fe000000)
  from space 12800K, 99% used [0x00000000ff380000,0x00000000ffffaa80,0x0000000100000000)
  to   space 16384K, 0% used [0x00000000fe000000,0x00000000fe000000,0x00000000ff000000)
 ParOldGen       total 146944K, used 61341K [0x00000000e0000000, 0x00000000e8f80000, 0x00000000f5580000)
  object space 146944K, 41% used [0x00000000e0000000,0x00000000e3be7658,0x00000000e8f80000)
 Metaspace       used 61107K, capacity 69978K, committed 70272K, reserved 1110016K
  class space    used 7540K, capacity 10063K, committed 10112K, reserved 1048576K
Event: 27.982 GC heap after
Heap after GC invocations=24 (full 3):
 PSYoungGen      total 158208K, used 16381K [0x00000000f5580000, 0x0000000100000000, 0x0000000100000000)
  eden space 141824K, 0% used [0x00000000f5580000,0x00000000f5580000,0x00000000fe000000)
  from space 16384K, 99% used [0x00000000fe000000,0x00000000fefff420,0x00000000ff000000)
  to   space 16384K, 0% used [0x00000000ff000000,0x00000000ff000000,0x0000000100000000)
 ParOldGen       total 146944K, used 64599K [0x00000000e0000000, 0x00000000e8f80000, 0x00000000f5580000)
  object space 146944K, 43% used [0x00000000e0000000,0x00000000e3f15d00,0x00000000e8f80000)
 Metaspace       used 61107K, capacity 69978K, committed 70272K, reserved 1110016K
  class space    used 7540K, capacity 10063K, committed 10112K, reserved 1048576K
}
Event: 29.004 GC heap before
{Heap before GC invocations=25 (full 3):
 PSYoungGen      total 158208K, used 158205K [0x00000000f5580000, 0x0000000100000000, 0x0000000100000000)
  eden space 141824K, 100% used [0x00000000f5580000,0x00000000fe000000,0x00000000fe000000)
  from space 16384K, 99% used [0x00000000fe000000,0x00000000fefff420,0x00000000ff000000)
  to   space 16384K, 0% used [0x00000000ff000000,0x00000000ff000000,0x0000000100000000)
 ParOldGen       total 146944K, used 64599K [0x00000000e0000000, 0x00000000e8f80000, 0x00000000f5580000)
  object space 146944K, 43% used [0x00000000e0000000,0x00000000e3f15d00,0x00000000e8f80000)
 Metaspace       used 61401K, capacity 70548K, committed 70656K, reserved 1110016K
  class space    used 7581K, capacity 10156K, committed 10240K, reserved 1048576K
Event: 29.025 GC heap after
Heap after GC invocations=25 (full 3):
 PSYoungGen      total 148992K, used 15627K [0x00000000f5580000, 0x0000000100000000, 0x0000000100000000)
  eden space 132608K, 0% used [0x00000000f5580000,0x00000000f5580000,0x00000000fd700000)
  from space 16384K, 95% used [0x00000000ff000000,0x00000000fff42f68,0x0000000100000000)
  to   space 20992K, 0% used [0x00000000fd700000,0x00000000fd700000,0x00000000feb80000)
 ParOldGen       total 146944K, used 69511K [0x00000000e0000000, 0x00000000e8f80000, 0x00000000f5580000)
  object space 146944K, 47% used [0x00000000e0000000,0x00000000e43e1ce8,0x00000000e8f80000)
 Metaspace       used 61401K, capacity 70548K, committed 70656K, reserved 1110016K
  class space    used 7581K, capacity 10156K, committed 10240K, reserved 1048576K
}

