# JRE version: Java(TM) SE Runtime Environment (8.0_111-b14) (build 1.8.0_111-b14)
# Java VM: Java HotSpot(TM) 64-Bit Server VM (25.111-b14 mixed mode windows-amd64 compressed oops)
Heap:
 PSYoungGen      total 157184K, used 125331K [0x00000000f5580000, 0x0000000100000000, 0x0000000100000000)
  eden space 139776K, 77% used [0x00000000f5580000,0x00000000fbef95c0,0x00000000fde00000)
  from space 17408K, 99% used [0x00000000fde00000,0x00000000feeeba18,0x00000000fef00000)
  to   space 17408K, 0% used [0x00000000fef00000,0x00000000fef00000,0x0000000100000000)
 ParOldGen       total 153088K, used 60344K [0x00000000e0000000, 0x00000000e9580000, 0x00000000f5580000)
  object space 153088K, 39% used [0x00000000e0000000,0x00000000e3aee130,0x00000000e9580000)
 Metaspace       used 62578K, capacity 71870K, committed 72064K, reserved 1110016K
  class space    used 7869K, capacity 10513K, committed 10624K, reserved 1048576K
GC Heap History (10 events):
Event: 22.618 GC heap before
{Heap before GC invocations=20 (full 3):
 PSYoungGen      total 155648K, used 142848K [0x00000000f5580000, 0x0000000100000000, 0x0000000100000000)
  eden space 142848K, 100% used [0x00000000f5580000,0x00000000fe100000,0x00000000fe100000)
  from space 12800K, 0% used [0x00000000ff380000,0x00000000ff380000,0x0000000100000000)
  to   space 15872K, 0% used [0x00000000fe100000,0x00000000fe100000,0x00000000ff080000)
 ParOldGen       total 153088K, used 60126K [0x00000000e0000000, 0x00000000e9580000, 0x00000000f5580000)
  object space 153088K, 39% used [0x00000000e0000000,0x00000000e3ab7980,0x00000000e9580000)
 Metaspace       used 48617K, capacity 54212K, committed 54528K, reserved 1095680K
  class space    used 5897K, capacity 7599K, committed 7680K, reserved 1048576K
Event: 22.629 GC heap after
Heap after GC invocations=20 (full 3):
 PSYoungGen      total 158720K, used 4722K [0x00000000f5580000, 0x0000000100000000, 0x0000000100000000)
  eden space 142848K, 0% used [0x00000000f5580000,0x00000000f5580000,0x00000000fe100000)
  from space 15872K, 29% used [0x00000000fe100000,0x00000000fe59cb38,0x00000000ff080000)
  to   space 15360K, 0% used [0x00000000ff100000,0x00000000ff100000,0x0000000100000000)
 ParOldGen       total 153088K, used 60134K [0x00000000e0000000, 0x00000000e9580000, 0x00000000f5580000)
  object space 153088K, 39% used [0x00000000e0000000,0x00000000e3ab9980,0x00000000e9580000)
 Metaspace       used 48617K, capacity 54212K, committed 54528K, reserved 1095680K
  class space    used 5897K, capacity 7599K, committed 7680K, reserved 1048576K
}
Event: 24.288 GC heap before
{Heap before GC invocations=21 (full 3):
 PSYoungGen      total 158720K, used 147570K [0x00000000f5580000, 0x0000000100000000, 0x0000000100000000)
  eden space 142848K, 100% used [0x00000000f5580000,0x00000000fe100000,0x00000000fe100000)
  from space 15872K, 29% used [0x00000000fe100000,0x00000000fe59cb38,0x00000000ff080000)
  to   space 15360K, 0% used [0x00000000ff100000,0x00000000ff100000,0x0000000100000000)
 ParOldGen       total 153088K, used 60134K [0x00000000e0000000, 0x00000000e9580000, 0x00000000f5580000)
  object space 153088K, 39% used [0x00000000e0000000,0x00000000e3ab9980,0x00000000e9580000)
 Metaspace       used 52655K, capacity 58576K, committed 58880K, reserved 1099776K
  class space    used 6289K, capacity 8073K, committed 8192K, reserved 1048576K
Event: 24.304 GC heap after
Heap after GC invocations=21 (full 3):
 PSYoungGen      total 157184K, used 8692K [0x00000000f5580000, 0x00000000ffe80000, 0x0000000100000000)
  eden space 143360K, 0% used [0x00000000f5580000,0x00000000f5580000,0x00000000fe180000)
  from space 13824K, 62% used [0x00000000ff100000,0x00000000ff97d2d0,0x00000000ffe80000)
  to   space 14848K, 0% used [0x00000000fe180000,0x00000000fe180000,0x00000000ff000000)
 ParOldGen       total 153088K, used 60142K [0x00000000e0000000, 0x00000000e9580000, 0x00000000f5580000)
  object space 153088K, 39% used [0x00000000e0000000,0x00000000e3abb980,0x00000000e9580000)
 Metaspace       used 52655K, capacity 58576K, committed 58880K, reserved 1099776K
  class space    used 6289K, capacity 8073K, committed 8192K, reserved 1048576K
}
Event: 25.930 GC heap before
{Heap before GC invocations=22 (full 3):
 PSYoungGen      total 157184K, used 152052K [0x00000000f5580000, 0x00000000ffe80000, 0x0000000100000000)
  eden space 143360K, 100% used [0x00000000f5580000,0x00000000fe180000,0x00000000fe180000)
  from space 13824K, 62% used [0x00000000ff100000,0x00000000ff97d2d0,0x00000000ffe80000)
  to   space 14848K, 0% used [0x00000000fe180000,0x00000000fe180000,0x00000000ff000000)
 ParOldGen       total 153088K, used 60142K [0x00000000e0000000, 0x00000000e9580000, 0x00000000f5580000)
  object space 153088K, 39% used [0x00000000e0000000,0x00000000e3abb980,0x00000000e9580000)
 Metaspace       used 55562K, capacity 62000K, committed 62208K, reserved 1103872K
  class space    used 6647K, capacity 8585K, committed 8704K, reserved 1048576K
Event: 25.957 GC heap after
Heap after GC invocations=22 (full 3):
 PSYoungGen      total 158208K, used 10965K [0x00000000f5580000, 0x0000000100000000, 0x0000000100000000)
  eden space 143360K, 0% used [0x00000000f5580000,0x00000000f5580000,0x00000000fe180000)
  from space 14848K, 73% used [0x00000000fe180000,0x00000000fec35550,0x00000000ff000000)
  to   space 15360K, 0% used [0x00000000ff100000,0x00000000ff100000,0x0000000100000000)
 ParOldGen       total 153088K, used 60150K [0x00000000e0000000, 0x00000000e9580000, 0x00000000f5580000)
  object space 153088K, 39% used [0x00000000e0000000,0x00000000e3abd980,0x00000000e9580000)
 Metaspace       used 55562K, capacity 62000K, committed 62208K, reserved 1103872K
  class space    used 6647K, capacity 8585K, committed 8704K, reserved 1048576K
}
Event: 28.683 GC heap before
{Heap before GC invocations=23 (full 3):
 PSYoungGen      total 158208K, used 154325K [0x00000000f5580000, 0x0000000100000000, 0x0000000100000000)
  eden space 143360K, 100% used [0x00000000f5580000,0x00000000fe180000,0x00000000fe180000)
  from space 14848K, 73% used [0x00000000fe180000,0x00000000fec35550,0x00000000ff000000)
  to   space 15360K, 0% used [0x00000000ff100000,0x00000000ff100000,0x0000000100000000)
 ParOldGen       total 153088K, used 60150K [0x00000000e0000000, 0x00000000e9580000, 0x00000000f5580000)
  object space 153088K, 39% used [0x00000000e0000000,0x00000000e3abd980,0x00000000e9580000)
 Metaspace       used 59801K, capacity 68580K, committed 68736K, reserved 1107968K
  class space    used 7487K, capacity 10014K, committed 10112K, reserved 1048576K
Event: 28.711 GC heap after
Heap after GC invocations=23 (full 3):
 PSYoungGen      total 155136K, used 15355K [0x00000000f5580000, 0x0000000100000000, 0x0000000100000000)
  eden space 139776K, 0% used [0x00000000f5580000,0x00000000f5580000,0x00000000fde00000)
  from space 15360K, 99% used [0x00000000ff100000,0x00000000ffffef00,0x0000000100000000)
  to   space 17408K, 0% used [0x00000000fde00000,0x00000000fde00000,0x00000000fef00000)
 ParOldGen       total 153088K, used 60336K [0x00000000e0000000, 0x00000000e9580000, 0x00000000f5580000)
  object space 153088K, 39% used [0x00000000e0000000,0x00000000e3aec130,0x00000000e9580000)
 Metaspace       used 59801K, capacity 68580K, committed 68736K, reserved 1107968K
  class space    used 7487K, capacity 10014K, committed 10112K, reserved 1048576K
}
Event: 30.180 GC heap before
{Heap before GC invocations=24 (full 3):
 PSYoungGen      total 155136K, used 155131K [0x00000000f5580000, 0x0000000100000000, 0x0000000100000000)
  eden space 139776K, 100% used [0x00000000f5580000,0x00000000fde00000,0x00000000fde00000)
  from space 15360K, 99% used [0x00000000ff100000,0x00000000ffffef00,0x0000000100000000)
  to   space 17408K, 0% used [0x00000000fde00000,0x00000000fde00000,0x00000000fef00000)
 ParOldGen       total 153088K, used 60336K [0x00000000e0000000, 0x00000000e9580000, 0x00000000f5580000)
  object space 153088K, 39% used [0x00000000e0000000,0x00000000e3aec130,0x00000000e9580000)
 Metaspace       used 61415K, capacity 70550K, committed 70784K, reserved 1110016K
  class space    used 7745K, capacity 10351K, committed 10368K, reserved 1048576K
Event: 30.210 GC heap after
Heap after GC invocations=24 (full 3):
 PSYoungGen      total 157184K, used 17326K [0x00000000f5580000, 0x0000000100000000, 0x0000000100000000)
  eden space 139776K, 0% used [0x00000000f5580000,0x00000000f5580000,0x00000000fde00000)
  from space 17408K, 99% used [0x00000000fde00000,0x00000000feeeba18,0x00000000fef00000)
  to   space 17408K, 0% used [0x00000000fef00000,0x00000000fef00000,0x0000000100000000)
 ParOldGen       total 153088K, used 60344K [0x00000000e0000000, 0x00000000e9580000, 0x00000000f5580000)
  object space 153088K, 39% used [0x00000000e0000000,0x00000000e3aee130,0x00000000e9580000)
 Metaspace       used 61415K, capacity 70550K, committed 70784K, reserved 1110016K
  class space    used 7745K, capacity 10351K, committed 10368K, reserved 1048576K
}

