# JRE version: Java(TM) SE Runtime Environment (8.0_111-b14) (build 1.8.0_111-b14)
# Java VM: Java HotSpot(TM) 64-Bit Server VM (25.111-b14 mixed mode windows-amd64 compressed oops)
Heap:
 PSYoungGen      total 155648K, used 77900K [0x00000000f5580000, 0x0000000100000000, 0x0000000100000000)
  eden space 142848K, 45% used [0x00000000f5580000,0x00000000f9515920,0x00000000fe100000)
  from space 12800K, 99% used [0x00000000ff380000,0x00000000ffffda60,0x0000000100000000)
  to   space 15872K, 0% used [0x00000000fe100000,0x00000000fe100000,0x00000000ff080000)
 ParOldGen       total 144896K, used 68890K [0x00000000e0000000, 0x00000000e8d80000, 0x00000000f5580000)
  object space 144896K, 47% used [0x00000000e0000000,0x00000000e4346838,0x00000000e8d80000)
 Metaspace       used 62463K, capacity 71694K, committed 71856K, reserved 1110016K
  class space    used 7786K, capacity 10343K, committed 10416K, reserved 1048576K
GC Heap History (10 events):
Event: 22.549 GC heap before
{Heap before GC invocations=21 (full 3):
 PSYoungGen      total 159744K, used 159433K [0x00000000f5580000, 0x00000000fff00000, 0x0000000100000000)
  eden space 154112K, 100% used [0x00000000f5580000,0x00000000fec00000,0x00000000fec00000)
  from space 5632K, 94% used [0x00000000fec00000,0x00000000ff132410,0x00000000ff180000)
  to   space 9728K, 0% used [0x00000000ff580000,0x00000000ff580000,0x00000000fff00000)
 ParOldGen       total 144896K, used 59610K [0x00000000e0000000, 0x00000000e8d80000, 0x00000000f5580000)
  object space 144896K, 41% used [0x00000000e0000000,0x00000000e3a369d8,0x00000000e8d80000)
 Metaspace       used 53028K, capacity 58990K, committed 59056K, reserved 1099776K
  class space    used 6305K, capacity 8106K, committed 8112K, reserved 1048576K
Event: 22.564 GC heap after
Heap after GC invocations=21 (full 3):
 PSYoungGen      total 163328K, used 8565K [0x00000000f5580000, 0x0000000100000000, 0x0000000100000000)
  eden space 153600K, 0% used [0x00000000f5580000,0x00000000f5580000,0x00000000feb80000)
  from space 9728K, 88% used [0x00000000ff580000,0x00000000ffddd440,0x00000000fff00000)
  to   space 10240K, 0% used [0x00000000feb80000,0x00000000feb80000,0x00000000ff580000)
 ParOldGen       total 144896K, used 59618K [0x00000000e0000000, 0x00000000e8d80000, 0x00000000f5580000)
  object space 144896K, 41% used [0x00000000e0000000,0x00000000e3a389d8,0x00000000e8d80000)
 Metaspace       used 53028K, capacity 58990K, committed 59056K, reserved 1099776K
  class space    used 6305K, capacity 8106K, committed 8112K, reserved 1048576K
}
Event: 24.681 GC heap before
{Heap before GC invocations=22 (full 3):
 PSYoungGen      total 163328K, used 162165K [0x00000000f5580000, 0x0000000100000000, 0x0000000100000000)
  eden space 153600K, 100% used [0x00000000f5580000,0x00000000feb80000,0x00000000feb80000)
  from space 9728K, 88% used [0x00000000ff580000,0x00000000ffddd440,0x00000000fff00000)
  to   space 10240K, 0% used [0x00000000feb80000,0x00000000feb80000,0x00000000ff580000)
 ParOldGen       total 144896K, used 59618K [0x00000000e0000000, 0x00000000e8d80000, 0x00000000f5580000)
  object space 144896K, 41% used [0x00000000e0000000,0x00000000e3a389d8,0x00000000e8d80000)
 Metaspace       used 56176K, capacity 62832K, committed 63024K, reserved 1103872K
  class space    used 6719K, capacity 8731K, committed 8752K, reserved 1048576K
Event: 24.713 GC heap after
Heap after GC invocations=22 (full 3):
 PSYoungGen      total 163840K, used 10230K [0x00000000f5580000, 0x0000000100000000, 0x0000000100000000)
  eden space 153600K, 0% used [0x00000000f5580000,0x00000000f5580000,0x00000000feb80000)
  from space 10240K, 99% used [0x00000000feb80000,0x00000000ff57da70,0x00000000ff580000)
  to   space 10752K, 0% used [0x00000000ff580000,0x00000000ff580000,0x0000000100000000)
 ParOldGen       total 144896K, used 61053K [0x00000000e0000000, 0x00000000e8d80000, 0x00000000f5580000)
  object space 144896K, 42% used [0x00000000e0000000,0x00000000e3b9f530,0x00000000e8d80000)
 Metaspace       used 56176K, capacity 62832K, committed 63024K, reserved 1103872K
  class space    used 6719K, capacity 8731K, committed 8752K, reserved 1048576K
}
Event: 26.944 GC heap before
{Heap before GC invocations=23 (full 3):
 PSYoungGen      total 163840K, used 163830K [0x00000000f5580000, 0x0000000100000000, 0x0000000100000000)
  eden space 153600K, 100% used [0x00000000f5580000,0x00000000feb80000,0x00000000feb80000)
  from space 10240K, 99% used [0x00000000feb80000,0x00000000ff57da70,0x00000000ff580000)
  to   space 10752K, 0% used [0x00000000ff580000,0x00000000ff580000,0x0000000100000000)
 ParOldGen       total 144896K, used 61053K [0x00000000e0000000, 0x00000000e8d80000, 0x00000000f5580000)
  object space 144896K, 42% used [0x00000000e0000000,0x00000000e3b9f530,0x00000000e8d80000)
 Metaspace       used 60080K, capacity 68670K, committed 68912K, reserved 1107968K
  class space    used 7508K, capacity 9965K, committed 10032K, reserved 1048576K
Event: 26.977 GC heap after
Heap after GC invocations=23 (full 3):
 PSYoungGen      total 159744K, used 9207K [0x00000000f5580000, 0x0000000100000000, 0x0000000100000000)
  eden space 148992K, 0% used [0x00000000f5580000,0x00000000f5580000,0x00000000fe700000)
  from space 10752K, 85% used [0x00000000ff580000,0x00000000ffe7ddb0,0x0000000100000000)
  to   space 12800K, 0% used [0x00000000fe700000,0x00000000fe700000,0x00000000ff380000)
 ParOldGen       total 144896K, used 67171K [0x00000000e0000000, 0x00000000e8d80000, 0x00000000f5580000)
  object space 144896K, 46% used [0x00000000e0000000,0x00000000e4198f60,0x00000000e8d80000)
 Metaspace       used 60080K, capacity 68670K, committed 68912K, reserved 1107968K
  class space    used 7508K, capacity 9965K, committed 10032K, reserved 1048576K
}
Event: 28.890 GC heap before
{Heap before GC invocations=24 (full 3):
 PSYoungGen      total 159744K, used 158199K [0x00000000f5580000, 0x0000000100000000, 0x0000000100000000)
  eden space 148992K, 100% used [0x00000000f5580000,0x00000000fe700000,0x00000000fe700000)
  from space 10752K, 85% used [0x00000000ff580000,0x00000000ffe7ddb0,0x0000000100000000)
  to   space 12800K, 0% used [0x00000000fe700000,0x00000000fe700000,0x00000000ff380000)
 ParOldGen       total 144896K, used 67171K [0x00000000e0000000, 0x00000000e8d80000, 0x00000000f5580000)
  object space 144896K, 46% used [0x00000000e0000000,0x00000000e4198f60,0x00000000e8d80000)
 Metaspace       used 62058K, capacity 70970K, committed 71216K, reserved 1110016K
  class space    used 7763K, capacity 10287K, committed 10288K, reserved 1048576K
Event: 28.936 GC heap after
Heap after GC invocations=24 (full 3):
 PSYoungGen      total 161792K, used 12336K [0x00000000f5580000, 0x0000000100000000, 0x0000000100000000)
  eden space 148992K, 0% used [0x00000000f5580000,0x00000000f5580000,0x00000000fe700000)
  from space 12800K, 96% used [0x00000000fe700000,0x00000000ff30c0d0,0x00000000ff380000)
  to   space 12800K, 0% used [0x00000000ff380000,0x00000000ff380000,0x0000000100000000)
 ParOldGen       total 144896K, used 67179K [0x00000000e0000000, 0x00000000e8d80000, 0x00000000f5580000)
  object space 144896K, 46% used [0x00000000e0000000,0x00000000e419af60,0x00000000e8d80000)
 Metaspace       used 62058K, capacity 70970K, committed 71216K, reserved 1110016K
  class space    used 7763K, capacity 10287K, committed 10288K, reserved 1048576K
}
Event: 30.376 GC heap before
{Heap before GC invocations=25 (full 3):
 PSYoungGen      total 161792K, used 161328K [0x00000000f5580000, 0x0000000100000000, 0x0000000100000000)
  eden space 148992K, 100% used [0x00000000f5580000,0x00000000fe700000,0x00000000fe700000)
  from space 12800K, 96% used [0x00000000fe700000,0x00000000ff30c0d0,0x00000000ff380000)
  to   space 12800K, 0% used [0x00000000ff380000,0x00000000ff380000,0x0000000100000000)
 ParOldGen       total 144896K, used 67179K [0x00000000e0000000, 0x00000000e8d80000, 0x00000000f5580000)
  object space 144896K, 46% used [0x00000000e0000000,0x00000000e419af60,0x00000000e8d80000)
 Metaspace       used 62410K, capacity 71628K, committed 71856K, reserved 1110016K
  class space    used 7783K, capacity 10338K, committed 10416K, reserved 1048576K
Event: 30.403 GC heap after
Heap after GC invocations=25 (full 3):
 PSYoungGen      total 155648K, used 12790K [0x00000000f5580000, 0x0000000100000000, 0x0000000100000000)
  eden space 142848K, 0% used [0x00000000f5580000,0x00000000f5580000,0x00000000fe100000)
  from space 12800K, 99% used [0x00000000ff380000,0x00000000ffffda60,0x0000000100000000)
  to   space 15872K, 0% used [0x00000000fe100000,0x00000000fe100000,0x00000000ff080000)
 ParOldGen       total 144896K, used 68890K [0x00000000e0000000, 0x00000000e8d80000, 0x00000000f5580000)
  object space 144896K, 47% used [0x00000000e0000000,0x00000000e4346838,0x00000000e8d80000)
 Metaspace       used 62410K, capacity 71628K, committed 71856K, reserved 1110016K
  class space    used 7783K, capacity 10338K, committed 10416K, reserved 1048576K
}

