# JRE version: Java(TM) SE Runtime Environment (8.0_111-b14) (build 1.8.0_111-b14)
# Java VM: Java HotSpot(TM) 64-Bit Server VM (25.111-b14 mixed mode windows-amd64 compressed oops)
Heap:
 PSYoungGen      total 160256K, used 56491K [0x00000000f5580000, 0x0000000100000000, 0x0000000100000000)
  eden space 147968K, 33% used [0x00000000f5580000,0x00000000f863ae80,0x00000000fe600000)
  from space 12288K, 53% used [0x00000000ff400000,0x00000000ffa70010,0x0000000100000000)
  to   space 13312K, 0% used [0x00000000fe600000,0x00000000fe600000,0x00000000ff300000)
 ParOldGen       total 144384K, used 76406K [0x00000000e0000000, 0x00000000e8d00000, 0x00000000f5580000)
  object space 144384K, 52% used [0x00000000e0000000,0x00000000e4a9db48,0x00000000e8d00000)
 Metaspace       used 62611K, capacity 72012K, committed 72112K, reserved 1112064K
  class space    used 7797K, capacity 10384K, committed 10416K, reserved 1048576K
GC Heap History (10 events):
Event: 20.011 GC heap before
{Heap before GC invocations=21 (full 3):
 PSYoungGen      total 164864K, used 160965K [0x00000000f5580000, 0x0000000100000000, 0x0000000100000000)
  eden space 155136K, 100% used [0x00000000f5580000,0x00000000fed00000,0x00000000fed00000)
  from space 9728K, 59% used [0x00000000fed00000,0x00000000ff2b1740,0x00000000ff680000)
  to   space 9728K, 0% used [0x00000000ff680000,0x00000000ff680000,0x0000000100000000)
 ParOldGen       total 144384K, used 59991K [0x00000000e0000000, 0x00000000e8d00000, 0x00000000f5580000)
  object space 144384K, 41% used [0x00000000e0000000,0x00000000e3a95e58,0x00000000e8d00000)
 Metaspace       used 53407K, capacity 59360K, committed 59696K, reserved 1101824K
  class space    used 6337K, capacity 8139K, committed 8240K, reserved 1048576K
Event: 20.027 GC heap after
Heap after GC invocations=21 (full 3):
 PSYoungGen      total 163840K, used 7954K [0x00000000f5580000, 0x0000000100000000, 0x0000000100000000)
  eden space 154112K, 0% used [0x00000000f5580000,0x00000000f5580000,0x00000000fec00000)
  from space 9728K, 81% used [0x00000000ff680000,0x00000000ffe44870,0x0000000100000000)
  to   space 10240K, 0% used [0x00000000fec00000,0x00000000fec00000,0x00000000ff600000)
 ParOldGen       total 144384K, used 59999K [0x00000000e0000000, 0x00000000e8d00000, 0x00000000f5580000)
  object space 144384K, 41% used [0x00000000e0000000,0x00000000e3a97e58,0x00000000e8d00000)
 Metaspace       used 53407K, capacity 59360K, committed 59696K, reserved 1101824K
  class space    used 6337K, capacity 8139K, committed 8240K, reserved 1048576K
}
Event: 21.811 GC heap before
{Heap before GC invocations=22 (full 3):
 PSYoungGen      total 163840K, used 162066K [0x00000000f5580000, 0x0000000100000000, 0x0000000100000000)
  eden space 154112K, 100% used [0x00000000f5580000,0x00000000fec00000,0x00000000fec00000)
  from space 9728K, 81% used [0x00000000ff680000,0x00000000ffe44870,0x0000000100000000)
  to   space 10240K, 0% used [0x00000000fec00000,0x00000000fec00000,0x00000000ff600000)
 ParOldGen       total 144384K, used 59999K [0x00000000e0000000, 0x00000000e8d00000, 0x00000000f5580000)
  object space 144384K, 41% used [0x00000000e0000000,0x00000000e3a97e58,0x00000000e8d00000)
 Metaspace       used 56763K, capacity 63376K, committed 63664K, reserved 1103872K
  class space    used 6770K, capacity 8765K, committed 8880K, reserved 1048576K
Event: 21.829 GC heap after
Heap after GC invocations=22 (full 3):
 PSYoungGen      total 164352K, used 10229K [0x00000000f5580000, 0x0000000100000000, 0x0000000100000000)
  eden space 154112K, 0% used [0x00000000f5580000,0x00000000f5580000,0x00000000fec00000)
  from space 10240K, 99% used [0x00000000fec00000,0x00000000ff5fd740,0x00000000ff600000)
  to   space 10240K, 0% used [0x00000000ff600000,0x00000000ff600000,0x0000000100000000)
 ParOldGen       total 144384K, used 61582K [0x00000000e0000000, 0x00000000e8d00000, 0x00000000f5580000)
  object space 144384K, 42% used [0x00000000e0000000,0x00000000e3c23800,0x00000000e8d00000)
 Metaspace       used 56763K, capacity 63376K, committed 63664K, reserved 1103872K
  class space    used 6770K, capacity 8765K, committed 8880K, reserved 1048576K
}
Event: 23.479 GC heap before
{Heap before GC invocations=23 (full 3):
 PSYoungGen      total 164352K, used 164341K [0x00000000f5580000, 0x0000000100000000, 0x0000000100000000)
  eden space 154112K, 100% used [0x00000000f5580000,0x00000000fec00000,0x00000000fec00000)
  from space 10240K, 99% used [0x00000000fec00000,0x00000000ff5fd740,0x00000000ff600000)
  to   space 10240K, 0% used [0x00000000ff600000,0x00000000ff600000,0x0000000100000000)
 ParOldGen       total 144384K, used 61582K [0x00000000e0000000, 0x00000000e8d00000, 0x00000000f5580000)
  object space 144384K, 42% used [0x00000000e0000000,0x00000000e3c23800,0x00000000e8d00000)
 Metaspace       used 60193K, capacity 68848K, committed 68912K, reserved 1107968K
  class space    used 7520K, capacity 9990K, committed 10032K, reserved 1048576K
Event: 23.504 GC heap after
Heap after GC invocations=23 (full 3):
 PSYoungGen      total 160256K, used 8898K [0x00000000f5580000, 0x0000000100000000, 0x0000000100000000)
  eden space 150016K, 0% used [0x00000000f5580000,0x00000000f5580000,0x00000000fe800000)
  from space 10240K, 86% used [0x00000000ff600000,0x00000000ffeb0a20,0x0000000100000000)
  to   space 12288K, 0% used [0x00000000fe800000,0x00000000fe800000,0x00000000ff400000)
 ParOldGen       total 144384K, used 67590K [0x00000000e0000000, 0x00000000e8d00000, 0x00000000f5580000)
  object space 144384K, 46% used [0x00000000e0000000,0x00000000e4201a60,0x00000000e8d00000)
 Metaspace       used 60193K, capacity 68848K, committed 68912K, reserved 1107968K
  class space    used 7520K, capacity 9990K, committed 10032K, reserved 1048576K
}
Event: 25.014 GC heap before
{Heap before GC invocations=24 (full 3):
 PSYoungGen      total 160256K, used 158914K [0x00000000f5580000, 0x0000000100000000, 0x0000000100000000)
  eden space 150016K, 100% used [0x00000000f5580000,0x00000000fe800000,0x00000000fe800000)
  from space 10240K, 86% used [0x00000000ff600000,0x00000000ffeb0a20,0x0000000100000000)
  to   space 12288K, 0% used [0x00000000fe800000,0x00000000fe800000,0x00000000ff400000)
 ParOldGen       total 144384K, used 67590K [0x00000000e0000000, 0x00000000e8d00000, 0x00000000f5580000)
  object space 144384K, 46% used [0x00000000e0000000,0x00000000e4201a60,0x00000000e8d00000)
 Metaspace       used 62207K, capacity 71238K, committed 71344K, reserved 1110016K
  class space    used 7772K, capacity 10326K, committed 10416K, reserved 1048576K
Event: 25.052 GC heap after
Heap after GC invocations=24 (full 3):
 PSYoungGen      total 162304K, used 12268K [0x00000000f5580000, 0x0000000100000000, 0x0000000100000000)
  eden space 150016K, 0% used [0x00000000f5580000,0x00000000f5580000,0x00000000fe800000)
  from space 12288K, 99% used [0x00000000fe800000,0x00000000ff3fb338,0x00000000ff400000)
  to   space 12288K, 0% used [0x00000000ff400000,0x00000000ff400000,0x0000000100000000)
 ParOldGen       total 144384K, used 68462K [0x00000000e0000000, 0x00000000e8d00000, 0x00000000f5580000)
  object space 144384K, 47% used [0x00000000e0000000,0x00000000e42db998,0x00000000e8d00000)
 Metaspace       used 62207K, capacity 71238K, committed 71344K, reserved 1110016K
  class space    used 7772K, capacity 10326K, committed 10416K, reserved 1048576K
}
Event: 25.801 GC heap before
{Heap before GC invocations=25 (full 3):
 PSYoungGen      total 162304K, used 162284K [0x00000000f5580000, 0x0000000100000000, 0x0000000100000000)
  eden space 150016K, 100% used [0x00000000f5580000,0x00000000fe800000,0x00000000fe800000)
  from space 12288K, 99% used [0x00000000fe800000,0x00000000ff3fb338,0x00000000ff400000)
  to   space 12288K, 0% used [0x00000000ff400000,0x00000000ff400000,0x0000000100000000)
 ParOldGen       total 144384K, used 68462K [0x00000000e0000000, 0x00000000e8d00000, 0x00000000f5580000)
  object space 144384K, 47% used [0x00000000e0000000,0x00000000e42db998,0x00000000e8d00000)
 Metaspace       used 62570K, capacity 71956K, committed 72112K, reserved 1112064K
  class space    used 7794K, capacity 10380K, committed 10416K, reserved 1048576K
Event: 25.819 GC heap after
Heap after GC invocations=25 (full 3):
 PSYoungGen      total 160256K, used 6592K [0x00000000f5580000, 0x0000000100000000, 0x0000000100000000)
  eden space 147968K, 0% used [0x00000000f5580000,0x00000000f5580000,0x00000000fe600000)
  from space 12288K, 53% used [0x00000000ff400000,0x00000000ffa70010,0x0000000100000000)
  to   space 13312K, 0% used [0x00000000fe600000,0x00000000fe600000,0x00000000ff300000)
 ParOldGen       total 144384K, used 76406K [0x00000000e0000000, 0x00000000e8d00000, 0x00000000f5580000)
  object space 144384K, 52% used [0x00000000e0000000,0x00000000e4a9db48,0x00000000e8d00000)
 Metaspace       used 62570K, capacity 71956K, committed 72112K, reserved 1112064K
  class space    used 7794K, capacity 10380K, committed 10416K, reserved 1048576K
}

