# JRE version: Java(TM) SE Runtime Environment (8.0_111-b14) (build 1.8.0_111-b14)
# Java VM: Java HotSpot(TM) 64-Bit Server VM (25.111-b14 mixed mode windows-amd64 compressed oops)
Heap:
 PSYoungGen      total 154624K, used 148407K [0x00000000f5580000, 0x0000000100000000, 0x0000000100000000)
  eden space 142848K, 95% used [0x00000000f5580000,0x00000000fdb69370,0x00000000fe100000)
  from space 11776K, 95% used [0x00000000fe100000,0x00000000fec04a08,0x00000000fec80000)
  to   space 16384K, 0% used [0x00000000ff000000,0x00000000ff000000,0x0000000100000000)
 ParOldGen       total 138240K, used 67029K [0x00000000e0000000, 0x00000000e8700000, 0x00000000f5580000)
  object space 138240K, 48% used [0x00000000e0000000,0x00000000e4175790,0x00000000e8700000)
 Metaspace       used 63622K, capacity 72542K, committed 72656K, reserved 1112064K
  class space    used 7858K, capacity 10419K, committed 10448K, reserved 1048576K
GC Heap History (10 events):
Event: 36.174 GC heap before
{Heap before GC invocations=18 (full 3):
 PSYoungGen      total 163328K, used 152064K [0x00000000f5580000, 0x0000000100000000, 0x0000000100000000)
  eden space 152064K, 100% used [0x00000000f5580000,0x00000000fea00000,0x00000000fea00000)
  from space 11264K, 0% used [0x00000000ff500000,0x00000000ff500000,0x0000000100000000)
  to   space 11264K, 0% used [0x00000000fea00000,0x00000000fea00000,0x00000000ff500000)
 ParOldGen       total 138240K, used 55435K [0x00000000e0000000, 0x00000000e8700000, 0x00000000f5580000)
  object space 138240K, 40% used [0x00000000e0000000,0x00000000e3622e78,0x00000000e8700000)
 Metaspace       used 48462K, capacity 53582K, committed 53840K, reserved 1095680K
  class space    used 5868K, capacity 7424K, committed 7504K, reserved 1048576K
Event: 36.202 GC heap after
Heap after GC invocations=18 (full 3):
 PSYoungGen      total 158720K, used 6342K [0x00000000f5580000, 0x00000000fff00000, 0x0000000100000000)
  eden space 152064K, 0% used [0x00000000f5580000,0x00000000f5580000,0x00000000fea00000)
  from space 6656K, 95% used [0x00000000fea00000,0x00000000ff031b88,0x00000000ff080000)
  to   space 10752K, 0% used [0x00000000ff480000,0x00000000ff480000,0x00000000fff00000)
 ParOldGen       total 138240K, used 55443K [0x00000000e0000000, 0x00000000e8700000, 0x00000000f5580000)
  object space 138240K, 40% used [0x00000000e0000000,0x00000000e3624e78,0x00000000e8700000)
 Metaspace       used 48462K, capacity 53582K, committed 53840K, reserved 1095680K
  class space    used 5868K, capacity 7424K, committed 7504K, reserved 1048576K
}
Event: 39.045 GC heap before
{Heap before GC invocations=19 (full 3):
 PSYoungGen      total 158720K, used 158406K [0x00000000f5580000, 0x00000000fff00000, 0x0000000100000000)
  eden space 152064K, 100% used [0x00000000f5580000,0x00000000fea00000,0x00000000fea00000)
  from space 6656K, 95% used [0x00000000fea00000,0x00000000ff031b88,0x00000000ff080000)
  to   space 10752K, 0% used [0x00000000ff480000,0x00000000ff480000,0x00000000fff00000)
 ParOldGen       total 138240K, used 55443K [0x00000000e0000000, 0x00000000e8700000, 0x00000000f5580000)
  object space 138240K, 40% used [0x00000000e0000000,0x00000000e3624e78,0x00000000e8700000)
 Metaspace       used 52466K, capacity 58308K, committed 58448K, reserved 1099776K
  class space    used 6400K, capacity 8175K, committed 8272K, reserved 1048576K
Event: 39.065 GC heap after
Heap after GC invocations=19 (full 3):
 PSYoungGen      total 161792K, used 9799K [0x00000000f5580000, 0x0000000100000000, 0x0000000100000000)
  eden space 151040K, 0% used [0x00000000f5580000,0x00000000f5580000,0x00000000fe900000)
  from space 10752K, 91% used [0x00000000ff480000,0x00000000ffe11dc0,0x00000000fff00000)
  to   space 11776K, 0% used [0x00000000fe900000,0x00000000fe900000,0x00000000ff480000)
 ParOldGen       total 138240K, used 55451K [0x00000000e0000000, 0x00000000e8700000, 0x00000000f5580000)
  object space 138240K, 40% used [0x00000000e0000000,0x00000000e3626e78,0x00000000e8700000)
 Metaspace       used 52466K, capacity 58308K, committed 58448K, reserved 1099776K
  class space    used 6400K, capacity 8175K, committed 8272K, reserved 1048576K
}
Event: 41.748 GC heap before
{Heap before GC invocations=20 (full 3):
 PSYoungGen      total 161792K, used 160839K [0x00000000f5580000, 0x0000000100000000, 0x0000000100000000)
  eden space 151040K, 100% used [0x00000000f5580000,0x00000000fe900000,0x00000000fe900000)
  from space 10752K, 91% used [0x00000000ff480000,0x00000000ffe11dc0,0x00000000fff00000)
  to   space 11776K, 0% used [0x00000000fe900000,0x00000000fe900000,0x00000000ff480000)
 ParOldGen       total 138240K, used 55451K [0x00000000e0000000, 0x00000000e8700000, 0x00000000f5580000)
  object space 138240K, 40% used [0x00000000e0000000,0x00000000e3626e78,0x00000000e8700000)
 Metaspace       used 55962K, capacity 61932K, committed 62032K, reserved 1103872K
  class space    used 6663K, capacity 8465K, committed 8528K, reserved 1048576K
Event: 41.785 GC heap after
Heap after GC invocations=20 (full 3):
 PSYoungGen      total 162816K, used 11635K [0x00000000f5580000, 0x0000000100000000, 0x0000000100000000)
  eden space 151040K, 0% used [0x00000000f5580000,0x00000000f5580000,0x00000000fe900000)
  from space 11776K, 98% used [0x00000000fe900000,0x00000000ff45ce88,0x00000000ff480000)
  to   space 11776K, 0% used [0x00000000ff480000,0x00000000ff480000,0x0000000100000000)
 ParOldGen       total 138240K, used 55459K [0x00000000e0000000, 0x00000000e8700000, 0x00000000f5580000)
  object space 138240K, 40% used [0x00000000e0000000,0x00000000e3628e78,0x00000000e8700000)
 Metaspace       used 55962K, capacity 61932K, committed 62032K, reserved 1103872K
  class space    used 6663K, capacity 8465K, committed 8528K, reserved 1048576K
}
Event: 45.451 GC heap before
{Heap before GC invocations=21 (full 3):
 PSYoungGen      total 162816K, used 162675K [0x00000000f5580000, 0x0000000100000000, 0x0000000100000000)
  eden space 151040K, 100% used [0x00000000f5580000,0x00000000fe900000,0x00000000fe900000)
  from space 11776K, 98% used [0x00000000fe900000,0x00000000ff45ce88,0x00000000ff480000)
  to   space 11776K, 0% used [0x00000000ff480000,0x00000000ff480000,0x0000000100000000)
 ParOldGen       total 138240K, used 55459K [0x00000000e0000000, 0x00000000e8700000, 0x00000000f5580000)
  object space 138240K, 40% used [0x00000000e0000000,0x00000000e3628e78,0x00000000e8700000)
 Metaspace       used 59798K, capacity 66676K, committed 66896K, reserved 1107968K
  class space    used 7183K, capacity 9271K, committed 9296K, reserved 1048576K
Event: 45.481 GC heap after
Heap after GC invocations=21 (full 3):
 PSYoungGen      total 154624K, used 11766K [0x00000000f5580000, 0x0000000100000000, 0x0000000100000000)
  eden space 142848K, 0% used [0x00000000f5580000,0x00000000f5580000,0x00000000fe100000)
  from space 11776K, 99% used [0x00000000ff480000,0x00000000ffffda70,0x0000000100000000)
  to   space 15872K, 0% used [0x00000000fe100000,0x00000000fe100000,0x00000000ff080000)
 ParOldGen       total 138240K, used 59507K [0x00000000e0000000, 0x00000000e8700000, 0x00000000f5580000)
  object space 138240K, 43% used [0x00000000e0000000,0x00000000e3a1ccb0,0x00000000e8700000)
 Metaspace       used 59798K, capacity 66676K, committed 66896K, reserved 1107968K
  class space    used 7183K, capacity 9271K, committed 9296K, reserved 1048576K
}
Event: 48.510 GC heap before
{Heap before GC invocations=22 (full 3):
 PSYoungGen      total 154624K, used 154614K [0x00000000f5580000, 0x0000000100000000, 0x0000000100000000)
  eden space 142848K, 100% used [0x00000000f5580000,0x00000000fe100000,0x00000000fe100000)
  from space 11776K, 99% used [0x00000000ff480000,0x00000000ffffda70,0x0000000100000000)
  to   space 15872K, 0% used [0x00000000fe100000,0x00000000fe100000,0x00000000ff080000)
 ParOldGen       total 138240K, used 59507K [0x00000000e0000000, 0x00000000e8700000, 0x00000000f5580000)
  object space 138240K, 43% used [0x00000000e0000000,0x00000000e3a1ccb0,0x00000000e8700000)
 Metaspace       used 63257K, capacity 71892K, committed 72144K, reserved 1112064K
  class space    used 7836K, capacity 10364K, committed 10448K, reserved 1048576K
Event: 48.544 GC heap after
Heap after GC invocations=22 (full 3):
 PSYoungGen      total 154624K, used 11282K [0x00000000f5580000, 0x0000000100000000, 0x0000000100000000)
  eden space 142848K, 0% used [0x00000000f5580000,0x00000000f5580000,0x00000000fe100000)
  from space 11776K, 95% used [0x00000000fe100000,0x00000000fec04a08,0x00000000fec80000)
  to   space 16384K, 0% used [0x00000000ff000000,0x00000000ff000000,0x0000000100000000)
 ParOldGen       total 138240K, used 67029K [0x00000000e0000000, 0x00000000e8700000, 0x00000000f5580000)
  object space 138240K, 48% used [0x00000000e0000000,0x00000000e4175790,0x00000000e8700000)
 Metaspace       used 63257K, capacity 71892K, committed 72144K, reserved 1112064K
  class space    used 7836K, capacity 10364K, committed 10448K, reserved 1048576K
}

