# JRE version: Java(TM) SE Runtime Environment (8.0_111-b14) (build 1.8.0_111-b14)
# Java VM: Java HotSpot(TM) 64-Bit Server VM (25.111-b14 mixed mode windows-amd64 compressed oops)
Heap:
 PSYoungGen      total 155648K, used 100904K [0x00000000f5580000, 0x0000000100000000, 0x0000000100000000)
  eden space 140800K, 61% used [0x00000000f5580000,0x00000000fa9bbc38,0x00000000fdf00000)
  from space 14848K, 98% used [0x00000000fdf00000,0x00000000fed4e468,0x00000000fed80000)
  to   space 18432K, 0% used [0x00000000fee00000,0x00000000fee00000,0x0000000100000000)
 ParOldGen       total 168960K, used 60603K [0x00000000e0000000, 0x00000000ea500000, 0x00000000f5580000)
  object space 168960K, 35% used [0x00000000e0000000,0x00000000e3b2eea8,0x00000000ea500000)
 Metaspace       used 61338K, capacity 70275K, committed 70396K, reserved 1110016K
  class space    used 7684K, capacity 10255K, committed 10288K, reserved 1048576K
GC Heap History (10 events):
Event: 24.411 GC heap before
{Heap before GC invocations=18 (full 3):
 PSYoungGen      total 151552K, used 138752K [0x00000000f5580000, 0x0000000100000000, 0x0000000100000000)
  eden space 138752K, 100% used [0x00000000f5580000,0x00000000fdd00000,0x00000000fdd00000)
  from space 12800K, 0% used [0x00000000ff380000,0x00000000ff380000,0x0000000100000000)
  to   space 17920K, 0% used [0x00000000fdd00000,0x00000000fdd00000,0x00000000fee80000)
 ParOldGen       total 168960K, used 60563K [0x00000000e0000000, 0x00000000ea500000, 0x00000000f5580000)
  object space 168960K, 35% used [0x00000000e0000000,0x00000000e3b24ea8,0x00000000ea500000)
 Metaspace       used 49628K, capacity 55509K, committed 55676K, reserved 1097728K
  class space    used 6049K, capacity 7846K, committed 7856K, reserved 1048576K
Event: 24.419 GC heap after
Heap after GC invocations=18 (full 3):
 PSYoungGen      total 156672K, used 4551K [0x00000000f5580000, 0x0000000100000000, 0x0000000100000000)
  eden space 138752K, 0% used [0x00000000f5580000,0x00000000f5580000,0x00000000fdd00000)
  from space 17920K, 25% used [0x00000000fdd00000,0x00000000fe171f08,0x00000000fee80000)
  to   space 17408K, 0% used [0x00000000fef00000,0x00000000fef00000,0x0000000100000000)
 ParOldGen       total 168960K, used 60571K [0x00000000e0000000, 0x00000000ea500000, 0x00000000f5580000)
  object space 168960K, 35% used [0x00000000e0000000,0x00000000e3b26ea8,0x00000000ea500000)
 Metaspace       used 49628K, capacity 55509K, committed 55676K, reserved 1097728K
  class space    used 6049K, capacity 7846K, committed 7856K, reserved 1048576K
}
Event: 25.648 GC heap before
{Heap before GC invocations=19 (full 3):
 PSYoungGen      total 156672K, used 143303K [0x00000000f5580000, 0x0000000100000000, 0x0000000100000000)
  eden space 138752K, 100% used [0x00000000f5580000,0x00000000fdd00000,0x00000000fdd00000)
  from space 17920K, 25% used [0x00000000fdd00000,0x00000000fe171f08,0x00000000fee80000)
  to   space 17408K, 0% used [0x00000000fef00000,0x00000000fef00000,0x0000000100000000)
 ParOldGen       total 168960K, used 60571K [0x00000000e0000000, 0x00000000ea500000, 0x00000000f5580000)
  object space 168960K, 35% used [0x00000000e0000000,0x00000000e3b26ea8,0x00000000ea500000)
 Metaspace       used 53532K, capacity 59483K, committed 59644K, reserved 1101824K
  class space    used 6345K, capacity 8139K, committed 8240K, reserved 1048576K
Event: 25.666 GC heap after
Heap after GC invocations=19 (full 3):
 PSYoungGen      total 155136K, used 6600K [0x00000000f5580000, 0x00000000ffe80000, 0x0000000100000000)
  eden space 139264K, 0% used [0x00000000f5580000,0x00000000f5580000,0x00000000fdd80000)
  from space 15872K, 41% used [0x00000000fef00000,0x00000000ff5721d8,0x00000000ffe80000)
  to   space 16896K, 0% used [0x00000000fdd80000,0x00000000fdd80000,0x00000000fee00000)
 ParOldGen       total 168960K, used 60579K [0x00000000e0000000, 0x00000000ea500000, 0x00000000f5580000)
  object space 168960K, 35% used [0x00000000e0000000,0x00000000e3b28ea8,0x00000000ea500000)
 Metaspace       used 53532K, capacity 59483K, committed 59644K, reserved 1101824K
  class space    used 6345K, capacity 8139K, committed 8240K, reserved 1048576K
}
Event: 27.281 GC heap before
{Heap before GC invocations=20 (full 3):
 PSYoungGen      total 155136K, used 145864K [0x00000000f5580000, 0x00000000ffe80000, 0x0000000100000000)
  eden space 139264K, 100% used [0x00000000f5580000,0x00000000fdd80000,0x00000000fdd80000)
  from space 15872K, 41% used [0x00000000fef00000,0x00000000ff5721d8,0x00000000ffe80000)
  to   space 16896K, 0% used [0x00000000fdd80000,0x00000000fdd80000,0x00000000fee00000)
 ParOldGen       total 168960K, used 60579K [0x00000000e0000000, 0x00000000ea500000, 0x00000000f5580000)
  object space 168960K, 35% used [0x00000000e0000000,0x00000000e3b28ea8,0x00000000ea500000)
 Metaspace       used 55238K, capacity 61673K, committed 61820K, reserved 1101824K
  class space    used 6660K, capacity 8616K, committed 8624K, reserved 1048576K
Event: 27.299 GC heap after
Heap after GC invocations=20 (full 3):
 PSYoungGen      total 156160K, used 7254K [0x00000000f5580000, 0x0000000100000000, 0x0000000100000000)
  eden space 139264K, 0% used [0x00000000f5580000,0x00000000f5580000,0x00000000fdd80000)
  from space 16896K, 42% used [0x00000000fdd80000,0x00000000fe495ae8,0x00000000fee00000)
  to   space 16384K, 0% used [0x00000000ff000000,0x00000000ff000000,0x0000000100000000)
 ParOldGen       total 168960K, used 60587K [0x00000000e0000000, 0x00000000ea500000, 0x00000000f5580000)
  object space 168960K, 35% used [0x00000000e0000000,0x00000000e3b2aea8,0x00000000ea500000)
 Metaspace       used 55238K, capacity 61673K, committed 61820K, reserved 1101824K
  class space    used 6660K, capacity 8616K, committed 8624K, reserved 1048576K
}
Event: 29.093 GC heap before
{Heap before GC invocations=21 (full 3):
 PSYoungGen      total 156160K, used 146518K [0x00000000f5580000, 0x0000000100000000, 0x0000000100000000)
  eden space 139264K, 100% used [0x00000000f5580000,0x00000000fdd80000,0x00000000fdd80000)
  from space 16896K, 42% used [0x00000000fdd80000,0x00000000fe495ae8,0x00000000fee00000)
  to   space 16384K, 0% used [0x00000000ff000000,0x00000000ff000000,0x0000000100000000)
 ParOldGen       total 168960K, used 60587K [0x00000000e0000000, 0x00000000ea500000, 0x00000000f5580000)
  object space 168960K, 35% used [0x00000000e0000000,0x00000000e3b2aea8,0x00000000ea500000)
 Metaspace       used 59328K, capacity 67631K, committed 67708K, reserved 1107968K
  class space    used 7414K, capacity 9847K, committed 9904K, reserved 1048576K
Event: 29.114 GC heap after
Heap after GC invocations=21 (full 3):
 PSYoungGen      total 157184K, used 11349K [0x00000000f5580000, 0x0000000100000000, 0x0000000100000000)
  eden space 140800K, 0% used [0x00000000f5580000,0x00000000f5580000,0x00000000fdf00000)
  from space 16384K, 69% used [0x00000000ff000000,0x00000000ffb15468,0x0000000100000000)
  to   space 16896K, 0% used [0x00000000fdf00000,0x00000000fdf00000,0x00000000fef80000)
 ParOldGen       total 168960K, used 60595K [0x00000000e0000000, 0x00000000ea500000, 0x00000000f5580000)
  object space 168960K, 35% used [0x00000000e0000000,0x00000000e3b2cea8,0x00000000ea500000)
 Metaspace       used 59328K, capacity 67631K, committed 67708K, reserved 1107968K
  class space    used 7414K, capacity 9847K, committed 9904K, reserved 1048576K
}
Event: 30.958 GC heap before
{Heap before GC invocations=22 (full 3):
 PSYoungGen      total 157184K, used 152149K [0x00000000f5580000, 0x0000000100000000, 0x0000000100000000)
  eden space 140800K, 100% used [0x00000000f5580000,0x00000000fdf00000,0x00000000fdf00000)
  from space 16384K, 69% used [0x00000000ff000000,0x00000000ffb15468,0x0000000100000000)
  to   space 16896K, 0% used [0x00000000fdf00000,0x00000000fdf00000,0x00000000fef80000)
 ParOldGen       total 168960K, used 60595K [0x00000000e0000000, 0x00000000ea500000, 0x00000000f5580000)
  object space 168960K, 35% used [0x00000000e0000000,0x00000000e3b2cea8,0x00000000ea500000)
 Metaspace       used 61281K, capacity 70159K, committed 70396K, reserved 1110016K
  class space    used 7681K, capacity 10249K, committed 10288K, reserved 1048576K
Event: 30.993 GC heap after
Heap after GC invocations=22 (full 3):
 PSYoungGen      total 155648K, used 14649K [0x00000000f5580000, 0x0000000100000000, 0x0000000100000000)
  eden space 140800K, 0% used [0x00000000f5580000,0x00000000f5580000,0x00000000fdf00000)
  from space 14848K, 98% used [0x00000000fdf00000,0x00000000fed4e468,0x00000000fed80000)
  to   space 18432K, 0% used [0x00000000fee00000,0x00000000fee00000,0x0000000100000000)
 ParOldGen       total 168960K, used 60603K [0x00000000e0000000, 0x00000000ea500000, 0x00000000f5580000)
  object space 168960K, 35% used [0x00000000e0000000,0x00000000e3b2eea8,0x00000000ea500000)
 Metaspace       used 61281K, capacity 70159K, committed 70396K, reserved 1110016K
  class space    used 7681K, capacity 10249K, committed 10288K, reserved 1048576K
}

